IQ-TREE multicore version 1.6.8 for Mac OS X 64-bit built Nov  6 2018
Developed by Bui Quang Minh, Nguyen Lam Tung, Olga Chernomor,
Heiko Schmidt, Dominik Schrempf, Michael Woodhams.

Host:    sce-bio-c04852.bio.ed.ac.uk (AVX, 16 GB RAM)
Command: iqtree -s first_200_SLE.fasta -q partitions.nex -m HKY+G -nt AUTO
Seed:    588619 (Using SPRNG - Scalable Parallel Random Number Generator)
Time:    Fri Mar  1 15:28:21 2019
Kernel:  AVX - auto-detect threads (12 CPU cores detected)

Reading partition model file partitions.nex ...
Reading alignment file first_200_SLE.fasta ... Fasta format detected
Alignment most likely contains DNA/RNA sequences
WARNING: 33 sites contain only gaps or ambiguous characters.
Alignment has 200 sequences with 18990 columns, 886 distinct patterns
64 parsimony-informative, 131 singleton sites, 18795 constant sites
WARNING: Some sequence names are changed as follows:
EBOV|?|MH607891|SLE|WAR|2014-08-26 -> EBOV___MH607891_SLE_WAR_2014-08-26
EBOV|?|MH607892|SLE|WAR|2014-08-26 -> EBOV___MH607892_SLE_WAR_2014-08-26
EBOV|?|MH607893|SLE|WAU|2014-08-26 -> EBOV___MH607893_SLE_WAU_2014-08-26
EBOV|?|MH607894|SLE|Tonkolili|2014-08-26 -> EBOV___MH607894_SLE_Tonkolili_2014-08-26
EBOV|?|MH607895|SLE|WAU|2014-08-26 -> EBOV___MH607895_SLE_WAU_2014-08-26
EBOV|20140008|KR653251|SLE|Kenema|2014-08-22 -> EBOV_20140008_KR653251_SLE_Kenema_2014-08-22
EBOV|20140024|KR653252|SLE|PortLoko|2014-08-20 -> EBOV_20140024_KR653252_SLE_PortLoko_2014-08-20
EBOV|20140038|KR653267|SLE|Tonkolili|2014-08-23 -> EBOV_20140038_KR653267_SLE_Tonkolili_2014-08-23
EBOV|20140091|KR653239|SLE|WesternRural|2014-08-22 -> EBOV_20140091_KR653239_SLE_WesternRural_2014-08-22
EBOV|20140100|KR653241|SLE|Pujehun|2014-08-24 -> EBOV_20140100_KR653241_SLE_Pujehun_2014-08-24
EBOV|20140134|KR653227|SLE|Bombali|2014-08-26 -> EBOV_20140134_KR653227_SLE_Bombali_2014-08-26
EBOV|EM_079983|KR817227|SLE|Kailahun|2014-06-13 -> EBOV_EM_079983_KR817227_SLE_Kailahun_2014-06-13
EBOV|EM_080003|KR817228|SLE|Kailahun|2014-06-14 -> EBOV_EM_080003_KR817228_SLE_Kailahun_2014-06-14
EBOV|EM_080011|KR817229|SLE|Kailahun|2014-06-15 -> EBOV_EM_080011_KR817229_SLE_Kailahun_2014-06-15
EBOV|EM_080132|KR817236|SLE|Kailahun|2014-06-24 -> EBOV_EM_080132_KR817236_SLE_Kailahun_2014-06-24
EBOV|EM_080165|KR817238|SLE|Kailahun|2014-06-26 -> EBOV_EM_080165_KR817238_SLE_Kailahun_2014-06-26
EBOV|EM_080265|KR817244|SLE|Kailahun|2014-07-12 -> EBOV_EM_080265_KR817244_SLE_Kailahun_2014-07-12
EBOV|Makona-UK1.1|KP184503|SLE|Kenema|2014-08-25 -> EBOV_Makona-UK1.1_KP184503_SLE_Kenema_2014-08-25
EBOV|EM095|KM034550|SLE|Kailahun|2014-05-25 -> EBOV_EM095_KM034550_SLE_Kailahun_2014-05-25
EBOV|EM096|KM034551|SLE|Kailahun|2014-05-26 -> EBOV_EM096_KM034551_SLE_Kailahun_2014-05-26
EBOV|EM098|KM034552|SLE|Kailahun|2014-05-26 -> EBOV_EM098_KM034552_SLE_Kailahun_2014-05-26
EBOV|EM104|KM233035|SLE|Kailahun|2014-06-02 -> EBOV_EM104_KM233035_SLE_Kailahun_2014-06-02
EBOV|EM106|KM233036|SLE|Kailahun|2014-06-02 -> EBOV_EM106_KM233036_SLE_Kailahun_2014-06-02
EBOV|EM110|KM233037|SLE|Kailahun|2014-06-03 -> EBOV_EM110_KM233037_SLE_Kailahun_2014-06-03
EBOV|EM111|KM233038|SLE|Kailahun|2014-06-03 -> EBOV_EM111_KM233038_SLE_Kailahun_2014-06-03
EBOV|EM112|KM233039|SLE|Kailahun|2014-06-03 -> EBOV_EM112_KM233039_SLE_Kailahun_2014-06-03
EBOV|EM113|KM233040|SLE|Kailahun|2014-06-03 -> EBOV_EM113_KM233040_SLE_Kailahun_2014-06-03
EBOV|EM115|KM233041|SLE|Kailahun|2014-06-03 -> EBOV_EM115_KM233041_SLE_Kailahun_2014-06-03
EBOV|EM119|KM233042|SLE|Kailahun|2014-06-03 -> EBOV_EM119_KM233042_SLE_Kailahun_2014-06-03
EBOV|EM120|KM233043|SLE|Kailahun|2014-06-03 -> EBOV_EM120_KM233043_SLE_Kailahun_2014-06-03
EBOV|EM121|KM233044|SLE|Kailahun|2014-06-04 -> EBOV_EM121_KM233044_SLE_Kailahun_2014-06-04
EBOV|EM124|KM233045|SLE|Kailahun|2014-06-04 -> EBOV_EM124_KM233045_SLE_Kailahun_2014-06-04
EBOV|G3670|KM034553|SLE|Kailahun|2014-05-27 -> EBOV_G3670_KM034553_SLE_Kailahun_2014-05-27
EBOV|G3676|KM034554|SLE|Kailahun|2014-05-27 -> EBOV_G3676_KM034554_SLE_Kailahun_2014-05-27
EBOV|G3677|KM034556|SLE|Kailahun|2014-05-26 -> EBOV_G3677_KM034556_SLE_Kailahun_2014-05-26
EBOV|G3679|KM034558|SLE|Kailahun|2014-05-28 -> EBOV_G3679_KM034558_SLE_Kailahun_2014-05-28
EBOV|G3680|KM034559|SLE|Kailahun|2014-05-28 -> EBOV_G3680_KM034559_SLE_Kailahun_2014-05-28
EBOV|G3682|KM034560|SLE|Kailahun|2014-05-28 -> EBOV_G3682_KM034560_SLE_Kailahun_2014-05-28
EBOV|G3683|KM034561|SLE|Kailahun|2014-05-28 -> EBOV_G3683_KM034561_SLE_Kailahun_2014-05-28
EBOV|G3686|KM034562|SLE|Kailahun|2014-05-28 -> EBOV_G3686_KM034562_SLE_Kailahun_2014-05-28
EBOV|G3687|KM034563|SLE|Kailahun|2014-05-28 -> EBOV_G3687_KM034563_SLE_Kailahun_2014-05-28
EBOV|G3707|KM233049|SLE|Kailahun|2014-05-31 -> EBOV_G3707_KM233049_SLE_Kailahun_2014-05-31
EBOV|G3713|KM233050|SLE|Kailahun|2014-06-09 -> EBOV_G3713_KM233050_SLE_Kailahun_2014-06-09
EBOV|G3724|KM233053|SLE|Kailahun|2014-06-05 -> EBOV_G3724_KM233053_SLE_Kailahun_2014-06-05
EBOV|G3729|KM233054|SLE|Kailahun|2014-06-07 -> EBOV_G3729_KM233054_SLE_Kailahun_2014-06-07
EBOV|G3734|KM233055|SLE|Kailahun|2014-06-07 -> EBOV_G3734_KM233055_SLE_Kailahun_2014-06-07
EBOV|G3735|KM233056|SLE|Kailahun|2014-06-07 -> EBOV_G3735_KM233056_SLE_Kailahun_2014-06-07
EBOV|G3750|KM233058|SLE|Kailahun|2014-06-10 -> EBOV_G3750_KM233058_SLE_Kailahun_2014-06-10
EBOV|G3752|KM233061|SLE|Kailahun|2014-06-10 -> EBOV_G3752_KM233061_SLE_Kailahun_2014-06-10
EBOV|G3758|KM233062|SLE|Kailahun|2014-06-11 -> EBOV_G3758_KM233062_SLE_Kailahun_2014-06-11
EBOV|G3764|KM233063|SLE|?|2014-06-12 -> EBOV_G3764_KM233063_SLE___2014-06-12
EBOV|G3765|KM233064|SLE|Kailahun|2014-06-14 -> EBOV_G3765_KM233064_SLE_Kailahun_2014-06-14
EBOV|G3769|KM233065|SLE|Kailahun|2014-06-12 -> EBOV_G3769_KM233065_SLE_Kailahun_2014-06-12
EBOV|G3770|KM233069|SLE|Kailahun|2014-06-12 -> EBOV_G3770_KM233069_SLE_Kailahun_2014-06-12
EBOV|G3771|KM233071|SLE|Kailahun|2014-06-12 -> EBOV_G3771_KM233071_SLE_Kailahun_2014-06-12
EBOV|G3782|KM233072|SLE|Kailahun|2014-06-14 -> EBOV_G3782_KM233072_SLE_Kailahun_2014-06-14
EBOV|G3786|KM233073|SLE|Kailahun|2014-06-14 -> EBOV_G3786_KM233073_SLE_Kailahun_2014-06-14
EBOV|G3787|KM233074|SLE|Kailahun|2014-06-14 -> EBOV_G3787_KM233074_SLE_Kailahun_2014-06-14
EBOV|G3788|KM233075|SLE|Kailahun|2014-06-14 -> EBOV_G3788_KM233075_SLE_Kailahun_2014-06-14
EBOV|G3789|KM233076|SLE|Kailahun|2014-06-14 -> EBOV_G3789_KM233076_SLE_Kailahun_2014-06-14
EBOV|G3795|KM233077|SLE|Kailahun|2014-06-15 -> EBOV_G3795_KM233077_SLE_Kailahun_2014-06-15
EBOV|G3796|KM233078|SLE|Kailahun|2014-06-15 -> EBOV_G3796_KM233078_SLE_Kailahun_2014-06-15
EBOV|G3798|KM233079|SLE|Kailahun|2014-06-15 -> EBOV_G3798_KM233079_SLE_Kailahun_2014-06-15
EBOV|G3799|KM233080|SLE|Kailahun|2014-06-15 -> EBOV_G3799_KM233080_SLE_Kailahun_2014-06-15
EBOV|G3800|KM233081|SLE|Kailahun|2014-06-15 -> EBOV_G3800_KM233081_SLE_Kailahun_2014-06-15
EBOV|G3805|KM233082|SLE|Kailahun|2014-06-15 -> EBOV_G3805_KM233082_SLE_Kailahun_2014-06-15
EBOV|G3807|KM233084|SLE|Kailahun|2014-06-15 -> EBOV_G3807_KM233084_SLE_Kailahun_2014-06-15
EBOV|G3808|KM233085|SLE|Kailahun|2014-06-15 -> EBOV_G3808_KM233085_SLE_Kailahun_2014-06-15
EBOV|G3809|KM233086|SLE|Kailahun|2014-06-15 -> EBOV_G3809_KM233086_SLE_Kailahun_2014-06-15
EBOV|G3810|KM233087|SLE|Kailahun|2014-06-15 -> EBOV_G3810_KM233087_SLE_Kailahun_2014-06-15
EBOV|G3814|KM233089|SLE|Kailahun|2014-06-15 -> EBOV_G3814_KM233089_SLE_Kailahun_2014-06-15
EBOV|G3816|KM233090|SLE|Kailahun|2014-06-15 -> EBOV_G3816_KM233090_SLE_Kailahun_2014-06-15
EBOV|G3817|KM233091|SLE|Kailahun|2014-06-15 -> EBOV_G3817_KM233091_SLE_Kailahun_2014-06-15
EBOV|G3818|KM233092|SLE|Kailahun|2014-06-15 -> EBOV_G3818_KM233092_SLE_Kailahun_2014-06-15
EBOV|G3819|KM233093|SLE|Kailahun|2014-06-15 -> EBOV_G3819_KM233093_SLE_Kailahun_2014-06-15
EBOV|G3820|KM233094|SLE|Kailahun|2014-06-15 -> EBOV_G3820_KM233094_SLE_Kailahun_2014-06-15
EBOV|G3821|KM233095|SLE|Kailahun|2014-06-15 -> EBOV_G3821_KM233095_SLE_Kailahun_2014-06-15
EBOV|G3822|KM233096|SLE|Kailahun|2014-06-15 -> EBOV_G3822_KM233096_SLE_Kailahun_2014-06-15
EBOV|G3823|KM233097|SLE|Kailahun|2014-06-15 -> EBOV_G3823_KM233097_SLE_Kailahun_2014-06-15
EBOV|G3825|KM233098|SLE|Kailahun|2014-06-16 -> EBOV_G3825_KM233098_SLE_Kailahun_2014-06-16
EBOV|G3826|KM233100|SLE|Kailahun|2014-06-16 -> EBOV_G3826_KM233100_SLE_Kailahun_2014-06-16
EBOV|G3827|KM233101|SLE|Kailahun|2014-06-16 -> EBOV_G3827_KM233101_SLE_Kailahun_2014-06-16
EBOV|G3829|KM233102|SLE|Kailahun|2014-06-16 -> EBOV_G3829_KM233102_SLE_Kailahun_2014-06-16
EBOV|G3831|KM233103|SLE|Kailahun|2014-06-16 -> EBOV_G3831_KM233103_SLE_Kailahun_2014-06-16
EBOV|G3834|KM233104|SLE|Kailahun|2014-06-17 -> EBOV_G3834_KM233104_SLE_Kailahun_2014-06-17
EBOV|G3838|KM233105|SLE|Kailahun|2014-06-17 -> EBOV_G3838_KM233105_SLE_Kailahun_2014-06-17
EBOV|G3840|KM233106|SLE|Kailahun|2014-06-17 -> EBOV_G3840_KM233106_SLE_Kailahun_2014-06-17
EBOV|G3841|KM233107|SLE|Bo|2014-06-17 -> EBOV_G3841_KM233107_SLE_Bo_2014-06-17
EBOV|G3845|KM233108|SLE|Kailahun|2014-06-18 -> EBOV_G3845_KM233108_SLE_Kailahun_2014-06-18
EBOV|G3846|KM233109|SLE|Kailahun|2014-06-18 -> EBOV_G3846_KM233109_SLE_Kailahun_2014-06-18
EBOV|G3848|KM233110|SLE|Kailahun|2014-06-18 -> EBOV_G3848_KM233110_SLE_Kailahun_2014-06-18
EBOV|G3850|KM233111|SLE|Kailahun|2014-06-18 -> EBOV_G3850_KM233111_SLE_Kailahun_2014-06-18
EBOV|G3851|KM233112|SLE|Kenema|2014-06-18 -> EBOV_G3851_KM233112_SLE_Kenema_2014-06-18
EBOV|G3856|KM233113|SLE|Kenema|2014-06-18 -> EBOV_G3856_KM233113_SLE_Kenema_2014-06-18
EBOV|G3857|KM233115|SLE|Kailahun|2014-06-18 -> EBOV_G3857_KM233115_SLE_Kailahun_2014-06-18
EBOV|NM042|KM233116|SLE|Kambia|2014-06-04 -> EBOV_NM042_KM233116_SLE_Kambia_2014-06-04
EBOV|G3838.2|KR105200|SLE|Kailahun|2014-06-16 -> EBOV_G3838.2_KR105200_SLE_Kailahun_2014-06-16
EBOV|G3845.2|KR105201|SLE|Kenema|2014-06-19 -> EBOV_G3845.2_KR105201_SLE_Kenema_2014-06-19
EBOV|G3851.2|KR105202|SLE|Kenema|2014-06-18 -> EBOV_G3851.2_KR105202_SLE_Kenema_2014-06-18
EBOV|G3855.2|KR105203|SLE|Kenema|2014-06-17 -> EBOV_G3855.2_KR105203_SLE_Kenema_2014-06-17
EBOV|G3886.1|KR105204|SLE|Kenema|2014-06-19 -> EBOV_G3886.1_KR105204_SLE_Kenema_2014-06-19
EBOV|G3889.1|KR105205|SLE|Kenema|2014-06-19 -> EBOV_G3889.1_KR105205_SLE_Kenema_2014-06-19
EBOV|G3913.1|KR105206|SLE|Kenema|2014-06-21 -> EBOV_G3913.1_KR105206_SLE_Kenema_2014-06-21
EBOV|G3917.1|KR105207|SLE|Kenema|2014-06-21 -> EBOV_G3917.1_KR105207_SLE_Kenema_2014-06-21
EBOV|G3926.2|KR105208|SLE|Kailahun|2014-06-22 -> EBOV_G3926.2_KR105208_SLE_Kailahun_2014-06-22
EBOV|G3949.1|KR105209|SLE|?|2014-06-24 -> EBOV_G3949.1_KR105209_SLE___2014-06-24
EBOV|G3950.1|KR105210|SLE|?|2014-06-24 -> EBOV_G3950.1_KR105210_SLE___2014-06-24
EBOV|G3952.1|KR105211|SLE|Kailahun|2014-06-25 -> EBOV_G3952.1_KR105211_SLE_Kailahun_2014-06-25
EBOV|G3972.1|KR105212|SLE|?|2014-06-24 -> EBOV_G3972.1_KR105212_SLE___2014-06-24
EBOV|G4132.1|KR105213|SLE|Kenema|2014-07-05 -> EBOV_G4132.1_KR105213_SLE_Kenema_2014-07-05
EBOV|G4133.1|KR105214|SLE|Kailahun|2014-07-04 -> EBOV_G4133.1_KR105214_SLE_Kailahun_2014-07-04
EBOV|G4151.1|KR105215|SLE|Kenema|2014-07-06 -> EBOV_G4151.1_KR105215_SLE_Kenema_2014-07-06
EBOV|G4190.1|KR105216|SLE|Kailahun|2014-07-07 -> EBOV_G4190.1_KR105216_SLE_Kailahun_2014-07-07
EBOV|G4200.1|KR105217|SLE|Kenema|2014-07-08 -> EBOV_G4200.1_KR105217_SLE_Kenema_2014-07-08
EBOV|G4217.1|KR105218|SLE|Bo|2014-07-08 -> EBOV_G4217.1_KR105218_SLE_Bo_2014-07-08
EBOV|G4221.1|KR105219|SLE|?|2014-07-09 -> EBOV_G4221.1_KR105219_SLE___2014-07-09
EBOV|G4235.1|KR105220|SLE|Kailahun|2014-07-11 -> EBOV_G4235.1_KR105220_SLE_Kailahun_2014-07-11
EBOV|G4236.1|KR105221|SLE|Kailahun|2014-07-10 -> EBOV_G4236.1_KR105221_SLE_Kailahun_2014-07-10
EBOV|G4250.1|KR105222|SLE|Kailahun|2014-07-11 -> EBOV_G4250.1_KR105222_SLE_Kailahun_2014-07-11
EBOV|G4251.1|KR105223|SLE|Kailahun|2014-07-11 -> EBOV_G4251.1_KR105223_SLE_Kailahun_2014-07-11
EBOV|G4252.1|KR105224|SLE|Kailahun|2014-07-11 -> EBOV_G4252.1_KR105224_SLE_Kailahun_2014-07-11
EBOV|G4254.1|KR105225|SLE|Kailahun|2014-07-11 -> EBOV_G4254.1_KR105225_SLE_Kailahun_2014-07-11
EBOV|G4255.1|KR105226|SLE|Kailahun|2014-07-11 -> EBOV_G4255.1_KR105226_SLE_Kailahun_2014-07-11
EBOV|G4263.1|KR105227|SLE|Kenema|2014-07-11 -> EBOV_G4263.1_KR105227_SLE_Kenema_2014-07-11
EBOV|G4264.1|KR105228|SLE|Kenema|2014-07-11 -> EBOV_G4264.1_KR105228_SLE_Kenema_2014-07-11
EBOV|G4299.1|KR105229|SLE|Kailahun|2014-07-12 -> EBOV_G4299.1_KR105229_SLE_Kailahun_2014-07-12
EBOV|G4312.2|KR105230|SLE|PortLoko|2014-07-12 -> EBOV_G4312.2_KR105230_SLE_PortLoko_2014-07-12
EBOV|G4316.1|KR105231|SLE|Kenema|2014-07-13 -> EBOV_G4316.1_KR105231_SLE_Kenema_2014-07-13
EBOV|G4323.2|KR105232|SLE|Kenema|2014-07-14 -> EBOV_G4323.2_KR105232_SLE_Kenema_2014-07-14
EBOV|G4324.1|KR105233|SLE|Kenema|2014-07-14 -> EBOV_G4324.1_KR105233_SLE_Kenema_2014-07-14
EBOV|G4325.1|KR105234|SLE|Kenema|2014-07-14 -> EBOV_G4325.1_KR105234_SLE_Kenema_2014-07-14
EBOV|G4329.1|KR105235|SLE|Kailahun|2014-07-14 -> EBOV_G4329.1_KR105235_SLE_Kailahun_2014-07-14
EBOV|G4333.1|KR105236|SLE|Kailahun|2014-07-13 -> EBOV_G4333.1_KR105236_SLE_Kailahun_2014-07-13
EBOV|G4334.1|KR105237|SLE|Kenema|2014-07-14 -> EBOV_G4334.1_KR105237_SLE_Kenema_2014-07-14
EBOV|G4337.1|KR105238|SLE|Kailahun|2014-07-14 -> EBOV_G4337.1_KR105238_SLE_Kailahun_2014-07-14
EBOV|G4345.1|KR105239|SLE|Kenema|2014-07-18 -> EBOV_G4345.1_KR105239_SLE_Kenema_2014-07-18
EBOV|G4347.1|KR105240|SLE|Kenema|2014-07-15 -> EBOV_G4347.1_KR105240_SLE_Kenema_2014-07-15
EBOV|G4348.1|KR105241|SLE|Kenema|2014-07-09 -> EBOV_G4348.1_KR105241_SLE_Kenema_2014-07-09
EBOV|G4350.1|KR105242|SLE|Kenema|2014-07-14 -> EBOV_G4350.1_KR105242_SLE_Kenema_2014-07-14
EBOV|G4380.1|KR105243|SLE|Kenema|2014-07-15 -> EBOV_G4380.1_KR105243_SLE_Kenema_2014-07-15
EBOV|G4382.1|KR105244|SLE|Kenema|2014-07-16 -> EBOV_G4382.1_KR105244_SLE_Kenema_2014-07-16
EBOV|G4389.1|KR105245|SLE|Kenema|2014-07-16 -> EBOV_G4389.1_KR105245_SLE_Kenema_2014-07-16
EBOV|G4406.1|KR105246|SLE|Kono|2014-07-18 -> EBOV_G4406.1_KR105246_SLE_Kono_2014-07-18
EBOV|G4415.1|KR105247|SLE|Kenema|2014-07-18 -> EBOV_G4415.1_KR105247_SLE_Kenema_2014-07-18
EBOV|G4416.1|KR105248|SLE|Bo|2014-07-18 -> EBOV_G4416.1_KR105248_SLE_Bo_2014-07-18
EBOV|G4419.1|KR105249|SLE|Kenema|2014-07-19 -> EBOV_G4419.1_KR105249_SLE_Kenema_2014-07-19
EBOV|G4422.1|KR105250|SLE|Kenema|2014-07-19 -> EBOV_G4422.1_KR105250_SLE_Kenema_2014-07-19
EBOV|G4423.1|KR105251|SLE|Kailahun|2014-07-19 -> EBOV_G4423.1_KR105251_SLE_Kailahun_2014-07-19
EBOV|G4424.1|KR105252|SLE|Kailahun|2014-07-19 -> EBOV_G4424.1_KR105252_SLE_Kailahun_2014-07-19
EBOV|G4431.1|KR105253|SLE|Bo|2014-07-20 -> EBOV_G4431.1_KR105253_SLE_Bo_2014-07-20
EBOV|G4433.1|KR105254|SLE|Kailahun|2014-07-20 -> EBOV_G4433.1_KR105254_SLE_Kailahun_2014-07-20
EBOV|G4437.1|KR105255|SLE|Kenema|2014-07-20 -> EBOV_G4437.1_KR105255_SLE_Kenema_2014-07-20
EBOV|G4445.1|KR105256|SLE|Kenema|2014-07-21 -> EBOV_G4445.1_KR105256_SLE_Kenema_2014-07-21
EBOV|G4450.1|KR105257|SLE|Kenema|2014-07-21 -> EBOV_G4450.1_KR105257_SLE_Kenema_2014-07-21
EBOV|G4454.1|KR105258|SLE|Kailahun|2014-07-21 -> EBOV_G4454.1_KR105258_SLE_Kailahun_2014-07-21
EBOV|G4465.1|KR105259|SLE|Kenema|2014-08-05 -> EBOV_G4465.1_KR105259_SLE_Kenema_2014-08-05
EBOV|G4466.1|KR105260|SLE|Bo|2014-07-22 -> EBOV_G4466.1_KR105260_SLE_Bo_2014-07-22
EBOV|G4527.2|KR105261|SLE|Kenema|2014-07-26 -> EBOV_G4527.2_KR105261_SLE_Kenema_2014-07-26
EBOV|G4683.1|KR105262|SLE|?|2014-08-01 -> EBOV_G4683.1_KR105262_SLE___2014-08-01
EBOV|G4698.1|KR105263|SLE|Kenema|2014-08-03 -> EBOV_G4698.1_KR105263_SLE_Kenema_2014-08-03
EBOV|G4701.1|KR105264|SLE|Kenema|2014-08-03 -> EBOV_G4701.1_KR105264_SLE_Kenema_2014-08-03
EBOV|G4702.1|KR105265|SLE|Kenema|2014-08-03 -> EBOV_G4702.1_KR105265_SLE_Kenema_2014-08-03
EBOV|G4717.1|KR105266|SLE|Kenema|2014-08-04 -> EBOV_G4717.1_KR105266_SLE_Kenema_2014-08-04
EBOV|G4725.1|KR105267|SLE|Moyamba|2014-08-04 -> EBOV_G4725.1_KR105267_SLE_Moyamba_2014-08-04
EBOV|G4730.1|KR105268|SLE|Kenema|2014-08-05 -> EBOV_G4730.1_KR105268_SLE_Kenema_2014-08-05
EBOV|G4736.1|KR105269|SLE|Kenema|2014-08-05 -> EBOV_G4736.1_KR105269_SLE_Kenema_2014-08-05
EBOV|G4748.1|KR105270|SLE|?|2014-08-05 -> EBOV_G4748.1_KR105270_SLE___2014-08-05
EBOV|G4751.1|KR105271|SLE|?|2014-08-05 -> EBOV_G4751.1_KR105271_SLE___2014-08-05
EBOV|G4837.1|KR105272|SLE|Kenema|2014-08-09 -> EBOV_G4837.1_KR105272_SLE_Kenema_2014-08-09
EBOV|G4856.1|KR105273|SLE|Kenema|2014-08-10 -> EBOV_G4856.1_KR105273_SLE_Kenema_2014-08-10
EBOV|G4861.1|KR105274|SLE|?|2014-08-10 -> EBOV_G4861.1_KR105274_SLE___2014-08-10
EBOV|G4868.1|KR105275|SLE|?|2014-08-10 -> EBOV_G4868.1_KR105275_SLE___2014-08-10
EBOV|G4886.1|KR105276|SLE|Kenema|2014-08-11 -> EBOV_G4886.1_KR105276_SLE_Kenema_2014-08-11
EBOV|G4907.1|KR105277|SLE|Kenema|2014-08-12 -> EBOV_G4907.1_KR105277_SLE_Kenema_2014-08-12
EBOV|G4937.1|KR105278|SLE|Kenema|2014-08-13 -> EBOV_G4937.1_KR105278_SLE_Kenema_2014-08-13
EBOV|G4942.1|KR105279|SLE|Moyamba|2014-08-12 -> EBOV_G4942.1_KR105279_SLE_Moyamba_2014-08-12
EBOV|G4946.1|KR105280|SLE|Kenema|2014-08-13 -> EBOV_G4946.1_KR105280_SLE_Kenema_2014-08-13
EBOV|G4955.1|KR105281|SLE|?|2014-08-13 -> EBOV_G4955.1_KR105281_SLE___2014-08-13
EBOV|G4956.1|KR105282|SLE|Tonkolili|2014-08-13 -> EBOV_G4956.1_KR105282_SLE_Tonkolili_2014-08-13
EBOV|G4960.1|KR105283|SLE|Kenema|2014-08-14 -> EBOV_G4960.1_KR105283_SLE_Kenema_2014-08-14
EBOV|G4971.1|KR105284|SLE|Kenema|2014-08-14 -> EBOV_G4971.1_KR105284_SLE_Kenema_2014-08-14
EBOV|G4972.1|KR105285|SLE|Kenema|2014-08-14 -> EBOV_G4972.1_KR105285_SLE_Kenema_2014-08-14
EBOV|G4973.1|KR105286|SLE|?|2014-08-12 -> EBOV_G4973.1_KR105286_SLE___2014-08-12
EBOV|G4981.1|KR105287|SLE|?|2014-08-14 -> EBOV_G4981.1_KR105287_SLE___2014-08-14
EBOV|G4982.1|KR105288|SLE|?|2014-08-14 -> EBOV_G4982.1_KR105288_SLE___2014-08-14
EBOV|G4994.1|KR105289|SLE|?|2014-08-15 -> EBOV_G4994.1_KR105289_SLE___2014-08-15
EBOV|G4996.1|KR105290|SLE|?|2014-08-15 -> EBOV_G4996.1_KR105290_SLE___2014-08-15
EBOV|G4999.1|KR105291|SLE|Kenema|2014-08-15 -> EBOV_G4999.1_KR105291_SLE_Kenema_2014-08-15
EBOV|G5012.3|KR105292|SLE|WesternArea|2014-08-15 -> EBOV_G5012.3_KR105292_SLE_WesternArea_2014-08-15
EBOV|G5016.1|KR105293|SLE|Kenema|2014-08-16 -> EBOV_G5016.1_KR105293_SLE_Kenema_2014-08-16
EBOV|G5019.1|KR105294|SLE|Kenema|2014-08-16 -> EBOV_G5019.1_KR105294_SLE_Kenema_2014-08-16
EBOV|G5039.1|KR105295|SLE|Kenema|2014-08-17 -> EBOV_G5039.1_KR105295_SLE_Kenema_2014-08-17
EBOV|G5059.1|KR105296|SLE|Kenema|2014-08-18 -> EBOV_G5059.1_KR105296_SLE_Kenema_2014-08-18
EBOV|G5064.1|KR105297|SLE|Moyamba|2014-08-17 -> EBOV_G5064.1_KR105297_SLE_Moyamba_2014-08-17
EBOV|G5112.1|KR105298|SLE|Kenema|2014-08-19 -> EBOV_G5112.1_KR105298_SLE_Kenema_2014-08-19
EBOV|G5114.1|KR105299|SLE|Pujehun|2014-08-18 -> EBOV_G5114.1_KR105299_SLE_Pujehun_2014-08-18
EBOV|G5119.1|KR105300|SLE|Kenema|2014-08-24 -> EBOV_G5119.1_KR105300_SLE_Kenema_2014-08-24
EBOV|G5244.1|KR105301|SLE|?|2014-08-22 -> EBOV_G5244.1_KR105301_SLE___2014-08-22
EBOV|G5295.1|KR105302|SLE|?|2014-08-25 -> EBOV_G5295.1_KR105302_SLE___2014-08-25
EBOV|G5296.1|KR105303|SLE|?|2014-08-25 -> EBOV_G5296.1_KR105303_SLE___2014-08-25

                                                    Gap/Ambiguity  Composition  p-value
   1  EBOV___MH607891_SLE_WAR_2014-08-26                    0.22%    passed     99.96%
   2  EBOV___MH607892_SLE_WAR_2014-08-26                    2.45%    passed     93.75%
   3  EBOV___MH607893_SLE_WAU_2014-08-26                    1.42%    passed     98.94%
   4  EBOV___MH607894_SLE_Tonkolili_2014-08-26              1.24%    passed     99.64%
   5  EBOV___MH607895_SLE_WAU_2014-08-26                    1.42%    passed     98.90%
   6  EBOV_20140008_KR653251_SLE_Kenema_2014-08-22          0.32%    passed     99.99%
   7  EBOV_20140024_KR653252_SLE_PortLoko_2014-08-20        0.32%    passed     99.98%
   8  EBOV_20140038_KR653267_SLE_Tonkolili_2014-08-23       0.37%    passed     99.98%
   9  EBOV_20140091_KR653239_SLE_WesternRural_2014-08-22    0.38%    passed     99.98%
  10  EBOV_20140100_KR653241_SLE_Pujehun_2014-08-24         0.49%    passed     99.92%
  11  EBOV_20140134_KR653227_SLE_Bombali_2014-08-26         0.35%    passed     99.98%
  12  EBOV_EM_079983_KR817227_SLE_Kailahun_2014-06-13       0.21%    passed     99.99%
  13  EBOV_EM_080003_KR817228_SLE_Kailahun_2014-06-14       0.20%    passed     99.99%
  14  EBOV_EM_080011_KR817229_SLE_Kailahun_2014-06-15       0.54%    passed     99.76%
  15  EBOV_EM_080132_KR817236_SLE_Kailahun_2014-06-24       0.19%    passed     99.99%
  16  EBOV_EM_080165_KR817238_SLE_Kailahun_2014-06-26       0.20%    passed     99.98%
  17  EBOV_EM_080265_KR817244_SLE_Kailahun_2014-07-12       0.36%    passed     99.98%
  18  EBOV_Makona-UK1.1_KP184503_SLE_Kenema_2014-08-25      0.19%    passed     99.99%
  19  EBOV_EM095_KM034550_SLE_Kailahun_2014-05-25           0.54%    passed    100.00%
  20  EBOV_EM096_KM034551_SLE_Kailahun_2014-05-26           0.34%    passed     99.98%
  21  EBOV_EM098_KM034552_SLE_Kailahun_2014-05-26           1.16%    passed     98.18%
  22  EBOV_EM104_KM233035_SLE_Kailahun_2014-06-02           0.42%    passed     99.96%
  23  EBOV_EM106_KM233036_SLE_Kailahun_2014-06-02           0.62%    passed     99.68%
  24  EBOV_EM110_KM233037_SLE_Kailahun_2014-06-03           0.42%    passed     99.98%
  25  EBOV_EM111_KM233038_SLE_Kailahun_2014-06-03           0.42%    passed     99.98%
  26  EBOV_EM112_KM233039_SLE_Kailahun_2014-06-03           0.22%    passed     99.99%
  27  EBOV_EM113_KM233040_SLE_Kailahun_2014-06-03           0.36%    passed     99.99%
  28  EBOV_EM115_KM233041_SLE_Kailahun_2014-06-03           0.55%    passed     99.82%
  29  EBOV_EM119_KM233042_SLE_Kailahun_2014-06-03           0.42%    passed     99.98%
  30  EBOV_EM120_KM233043_SLE_Kailahun_2014-06-03           0.39%    passed     99.78%
  31  EBOV_EM121_KM233044_SLE_Kailahun_2014-06-04           0.42%    passed     99.98%
  32  EBOV_EM124_KM233045_SLE_Kailahun_2014-06-04           0.37%    passed    100.00%
  33  EBOV_G3670_KM034553_SLE_Kailahun_2014-05-27           0.34%    passed    100.00%
  34  EBOV_G3676_KM034554_SLE_Kailahun_2014-05-27           0.23%    passed     99.99%
  35  EBOV_G3677_KM034556_SLE_Kailahun_2014-05-26           0.19%    passed     99.99%
  36  EBOV_G3679_KM034558_SLE_Kailahun_2014-05-28           0.39%    passed     99.93%
  37  EBOV_G3680_KM034559_SLE_Kailahun_2014-05-28           0.44%    passed     99.99%
  38  EBOV_G3682_KM034560_SLE_Kailahun_2014-05-28           0.22%    passed    100.00%
  39  EBOV_G3683_KM034561_SLE_Kailahun_2014-05-28           0.43%    passed     99.96%
  40  EBOV_G3686_KM034562_SLE_Kailahun_2014-05-28           0.18%    passed     99.99%
  41  EBOV_G3687_KM034563_SLE_Kailahun_2014-05-28           2.89%    passed     99.49%
  42  EBOV_G3707_KM233049_SLE_Kailahun_2014-05-31           0.24%    passed    100.00%
  43  EBOV_G3713_KM233050_SLE_Kailahun_2014-06-09           0.18%    passed     99.99%
  44  EBOV_G3724_KM233053_SLE_Kailahun_2014-06-05           0.19%    passed     99.99%
  45  EBOV_G3729_KM233054_SLE_Kailahun_2014-06-07           0.24%    passed    100.00%
  46  EBOV_G3734_KM233055_SLE_Kailahun_2014-06-07           0.59%    passed     99.59%
  47  EBOV_G3735_KM233056_SLE_Kailahun_2014-06-07           0.19%    passed     99.99%
  48  EBOV_G3750_KM233058_SLE_Kailahun_2014-06-10           0.74%    passed     99.64%
  49  EBOV_G3752_KM233061_SLE_Kailahun_2014-06-10           0.53%    passed     99.75%
  50  EBOV_G3758_KM233062_SLE_Kailahun_2014-06-11           0.28%    passed    100.00%
  51  EBOV_G3764_KM233063_SLE___2014-06-12                  0.21%    passed     99.99%
  52  EBOV_G3765_KM233064_SLE_Kailahun_2014-06-14           0.98%    passed     99.91%
  53  EBOV_G3769_KM233065_SLE_Kailahun_2014-06-12           0.35%    passed     99.98%
  54  EBOV_G3770_KM233069_SLE_Kailahun_2014-06-12           0.18%    passed     99.98%
  55  EBOV_G3771_KM233071_SLE_Kailahun_2014-06-12           0.47%    passed     99.98%
  56  EBOV_G3782_KM233072_SLE_Kailahun_2014-06-14           0.23%    passed    100.00%
  57  EBOV_G3786_KM233073_SLE_Kailahun_2014-06-14           0.42%    passed     99.98%
  58  EBOV_G3787_KM233074_SLE_Kailahun_2014-06-14           0.53%    passed     99.78%
  59  EBOV_G3788_KM233075_SLE_Kailahun_2014-06-14           0.32%    passed     99.99%
  60  EBOV_G3789_KM233076_SLE_Kailahun_2014-06-14           0.94%    passed     99.80%
  61  EBOV_G3795_KM233077_SLE_Kailahun_2014-06-15           0.49%    passed     99.90%
  62  EBOV_G3796_KM233078_SLE_Kailahun_2014-06-15           0.42%    passed     99.98%
  63  EBOV_G3798_KM233079_SLE_Kailahun_2014-06-15           0.63%    passed     99.64%
  64  EBOV_G3799_KM233080_SLE_Kailahun_2014-06-15           0.24%    passed    100.00%
  65  EBOV_G3800_KM233081_SLE_Kailahun_2014-06-15           0.35%    passed     99.99%
  66  EBOV_G3805_KM233082_SLE_Kailahun_2014-06-15           0.94%    passed     99.60%
  67  EBOV_G3807_KM233084_SLE_Kailahun_2014-06-15           0.37%    passed    100.00%
  68  EBOV_G3808_KM233085_SLE_Kailahun_2014-06-15           0.57%    passed     99.65%
  69  EBOV_G3809_KM233086_SLE_Kailahun_2014-06-15           0.84%    passed     99.82%
  70  EBOV_G3810_KM233087_SLE_Kailahun_2014-06-15           0.37%    passed    100.00%
  71  EBOV_G3814_KM233089_SLE_Kailahun_2014-06-15           0.40%    passed     99.80%
  72  EBOV_G3816_KM233090_SLE_Kailahun_2014-06-15           1.01%    passed     98.92%
  73  EBOV_G3817_KM233091_SLE_Kailahun_2014-06-15           0.55%    passed     99.72%
  74  EBOV_G3818_KM233092_SLE_Kailahun_2014-06-15           0.23%    passed    100.00%
  75  EBOV_G3819_KM233093_SLE_Kailahun_2014-06-15           0.58%    passed     99.80%
  76  EBOV_G3820_KM233094_SLE_Kailahun_2014-06-15           0.35%    passed     99.99%
  77  EBOV_G3821_KM233095_SLE_Kailahun_2014-06-15           0.67%    passed     99.83%
  78  EBOV_G3822_KM233096_SLE_Kailahun_2014-06-15           0.20%    passed     99.98%
  79  EBOV_G3823_KM233097_SLE_Kailahun_2014-06-15           0.21%    passed     99.99%
  80  EBOV_G3825_KM233098_SLE_Kailahun_2014-06-16           0.22%    passed     99.99%
  81  EBOV_G3826_KM233100_SLE_Kailahun_2014-06-16           0.31%    passed     99.99%
  82  EBOV_G3827_KM233101_SLE_Kailahun_2014-06-16           0.60%    passed     99.62%
  83  EBOV_G3829_KM233102_SLE_Kailahun_2014-06-16           0.25%    passed    100.00%
  84  EBOV_G3831_KM233103_SLE_Kailahun_2014-06-16           0.23%    passed     99.99%
  85  EBOV_G3834_KM233104_SLE_Kailahun_2014-06-17           0.36%    passed     99.62%
  86  EBOV_G3838_KM233105_SLE_Kailahun_2014-06-17           0.42%    passed     99.98%
  87  EBOV_G3840_KM233106_SLE_Kailahun_2014-06-17           0.25%    passed    100.00%
  88  EBOV_G3841_KM233107_SLE_Bo_2014-06-17                 0.60%    passed     99.65%
  89  EBOV_G3845_KM233108_SLE_Kailahun_2014-06-18           0.42%    passed     99.98%
  90  EBOV_G3846_KM233109_SLE_Kailahun_2014-06-18           0.18%    passed     99.97%
  91  EBOV_G3848_KM233110_SLE_Kailahun_2014-06-18           0.19%    passed     99.98%
  92  EBOV_G3850_KM233111_SLE_Kailahun_2014-06-18           1.27%    passed     99.49%
  93  EBOV_G3851_KM233112_SLE_Kenema_2014-06-18             0.37%    passed     99.99%
  94  EBOV_G3856_KM233113_SLE_Kenema_2014-06-18             0.18%    passed     99.99%
  95  EBOV_G3857_KM233115_SLE_Kailahun_2014-06-18           0.82%    passed     99.77%
  96  EBOV_NM042_KM233116_SLE_Kambia_2014-06-04             0.34%    passed    100.00%
  97  EBOV_G3838.2_KR105200_SLE_Kailahun_2014-06-16         0.42%    passed     99.99%
  98  EBOV_G3845.2_KR105201_SLE_Kenema_2014-06-19           2.70%    passed     84.56%
  99  EBOV_G3851.2_KR105202_SLE_Kenema_2014-06-18           1.15%    passed     99.34%
 100  EBOV_G3855.2_KR105203_SLE_Kenema_2014-06-17           4.65%    passed     97.07%
 101  EBOV_G3886.1_KR105204_SLE_Kenema_2014-06-19           0.39%    passed     99.99%
 102  EBOV_G3889.1_KR105205_SLE_Kenema_2014-06-19           0.28%    passed    100.00%
 103  EBOV_G3913.1_KR105206_SLE_Kenema_2014-06-21           0.89%    passed     99.55%
 104  EBOV_G3917.1_KR105207_SLE_Kenema_2014-06-21           0.27%    passed    100.00%
 105  EBOV_G3926.2_KR105208_SLE_Kailahun_2014-06-22         1.45%    passed     99.89%
 106  EBOV_G3949.1_KR105209_SLE___2014-06-24                0.66%    passed     99.79%
 107  EBOV_G3950.1_KR105210_SLE___2014-06-24                0.39%    passed     99.99%
 108  EBOV_G3952.1_KR105211_SLE_Kailahun_2014-06-25         5.85%    passed     96.42%
 109  EBOV_G3972.1_KR105212_SLE___2014-06-24                3.39%    passed     77.54%
 110  EBOV_G4132.1_KR105213_SLE_Kenema_2014-07-05           0.31%    passed     99.99%
 111  EBOV_G4133.1_KR105214_SLE_Kailahun_2014-07-04         0.46%    passed    100.00%
 112  EBOV_G4151.1_KR105215_SLE_Kenema_2014-07-06           0.34%    passed    100.00%
 113  EBOV_G4190.1_KR105216_SLE_Kailahun_2014-07-07         0.45%    passed     99.91%
 114  EBOV_G4200.1_KR105217_SLE_Kenema_2014-07-08           0.86%    passed     99.87%
 115  EBOV_G4217.1_KR105218_SLE_Bo_2014-07-08               0.26%    passed    100.00%
 116  EBOV_G4221.1_KR105219_SLE___2014-07-09                0.42%    passed     99.97%
 117  EBOV_G4235.1_KR105220_SLE_Kailahun_2014-07-11         2.63%    passed     98.29%
 118  EBOV_G4236.1_KR105221_SLE_Kailahun_2014-07-10         0.32%    passed    100.00%
 119  EBOV_G4250.1_KR105222_SLE_Kailahun_2014-07-11         0.34%    passed    100.00%
 120  EBOV_G4251.1_KR105223_SLE_Kailahun_2014-07-11         0.47%    passed     99.91%
 121  EBOV_G4252.1_KR105224_SLE_Kailahun_2014-07-11         0.37%    passed    100.00%
 122  EBOV_G4254.1_KR105225_SLE_Kailahun_2014-07-11         0.32%    passed    100.00%
 123  EBOV_G4255.1_KR105226_SLE_Kailahun_2014-07-11         0.41%    passed     99.97%
 124  EBOV_G4263.1_KR105227_SLE_Kenema_2014-07-11           0.25%    passed    100.00%
 125  EBOV_G4264.1_KR105228_SLE_Kenema_2014-07-11           0.34%    passed     99.99%
 126  EBOV_G4299.1_KR105229_SLE_Kailahun_2014-07-12         0.36%    passed    100.00%
 127  EBOV_G4312.2_KR105230_SLE_PortLoko_2014-07-12         0.76%    passed     99.89%
 128  EBOV_G4316.1_KR105231_SLE_Kenema_2014-07-13           0.31%    passed     99.99%
 129  EBOV_G4323.2_KR105232_SLE_Kenema_2014-07-14           0.36%    passed     99.98%
 130  EBOV_G4324.1_KR105233_SLE_Kenema_2014-07-14           0.42%    passed     99.94%
 131  EBOV_G4325.1_KR105234_SLE_Kenema_2014-07-14           0.66%    passed    100.00%
 132  EBOV_G4329.1_KR105235_SLE_Kailahun_2014-07-14         0.37%    passed     99.99%
 133  EBOV_G4333.1_KR105236_SLE_Kailahun_2014-07-13         2.74%    passed     95.22%
 134  EBOV_G4334.1_KR105237_SLE_Kenema_2014-07-14           0.60%    passed     99.92%
 135  EBOV_G4337.1_KR105238_SLE_Kailahun_2014-07-14         0.84%    passed     99.57%
 136  EBOV_G4345.1_KR105239_SLE_Kenema_2014-07-18           0.32%    passed     99.99%
 137  EBOV_G4347.1_KR105240_SLE_Kenema_2014-07-15           0.35%    passed     99.99%
 138  EBOV_G4348.1_KR105241_SLE_Kenema_2014-07-09           0.29%    passed    100.00%
 139  EBOV_G4350.1_KR105242_SLE_Kenema_2014-07-14           0.26%    passed    100.00%
 140  EBOV_G4380.1_KR105243_SLE_Kenema_2014-07-15           0.21%    passed    100.00%
 141  EBOV_G4382.1_KR105244_SLE_Kenema_2014-07-16           0.22%    passed    100.00%
 142  EBOV_G4389.1_KR105245_SLE_Kenema_2014-07-16           1.48%    passed     99.92%
 143  EBOV_G4406.1_KR105246_SLE_Kono_2014-07-18             2.33%    passed     98.73%
 144  EBOV_G4415.1_KR105247_SLE_Kenema_2014-07-18           0.49%    passed     99.54%
 145  EBOV_G4416.1_KR105248_SLE_Bo_2014-07-18               0.21%    passed     99.98%
 146  EBOV_G4419.1_KR105249_SLE_Kenema_2014-07-19           0.41%    passed     99.99%
 147  EBOV_G4422.1_KR105250_SLE_Kenema_2014-07-19           0.85%    passed     99.70%
 148  EBOV_G4423.1_KR105251_SLE_Kailahun_2014-07-19         0.33%    passed    100.00%
 149  EBOV_G4424.1_KR105252_SLE_Kailahun_2014-07-19         0.23%    passed     99.99%
 150  EBOV_G4431.1_KR105253_SLE_Bo_2014-07-20               2.00%    passed     92.82%
 151  EBOV_G4433.1_KR105254_SLE_Kailahun_2014-07-20         3.99%    passed     46.03%
 152  EBOV_G4437.1_KR105255_SLE_Kenema_2014-07-20           5.69%    passed     31.49%
 153  EBOV_G4445.1_KR105256_SLE_Kenema_2014-07-21           0.21%    passed    100.00%
 154  EBOV_G4450.1_KR105257_SLE_Kenema_2014-07-21           4.15%    passed     65.71%
 155  EBOV_G4454.1_KR105258_SLE_Kailahun_2014-07-21         0.39%    passed    100.00%
 156  EBOV_G4465.1_KR105259_SLE_Kenema_2014-08-05           4.53%    passed     40.97%
 157  EBOV_G4466.1_KR105260_SLE_Bo_2014-07-22               2.95%    passed     58.29%
 158  EBOV_G4527.2_KR105261_SLE_Kenema_2014-07-26           2.79%    passed     95.26%
 159  EBOV_G4683.1_KR105262_SLE___2014-08-01                0.39%    passed     99.98%
 160  EBOV_G4698.1_KR105263_SLE_Kenema_2014-08-03           0.93%    passed     99.95%
 161  EBOV_G4701.1_KR105264_SLE_Kenema_2014-08-03           0.93%    passed     98.24%
 162  EBOV_G4702.1_KR105265_SLE_Kenema_2014-08-03           0.76%    passed     99.99%
 163  EBOV_G4717.1_KR105266_SLE_Kenema_2014-08-04           0.76%    passed     99.38%
 164  EBOV_G4725.1_KR105267_SLE_Moyamba_2014-08-04          3.00%    passed     70.46%
 165  EBOV_G4730.1_KR105268_SLE_Kenema_2014-08-05           0.60%    passed     99.54%
 166  EBOV_G4736.1_KR105269_SLE_Kenema_2014-08-05           0.37%    passed     99.95%
 167  EBOV_G4748.1_KR105270_SLE___2014-08-05                0.61%    passed     99.99%
 168  EBOV_G4751.1_KR105271_SLE___2014-08-05                0.36%    passed     99.99%
 169  EBOV_G4837.1_KR105272_SLE_Kenema_2014-08-09           3.28%    passed     82.25%
 170  EBOV_G4856.1_KR105273_SLE_Kenema_2014-08-10           1.12%    passed     97.70%
 171  EBOV_G4861.1_KR105274_SLE___2014-08-10                0.66%    passed     99.29%
 172  EBOV_G4868.1_KR105275_SLE___2014-08-10                0.96%    passed     99.95%
 173  EBOV_G4886.1_KR105276_SLE_Kenema_2014-08-11           0.42%    passed     99.98%
 174  EBOV_G4907.1_KR105277_SLE_Kenema_2014-08-12           0.48%    passed     99.96%
 175  EBOV_G4937.1_KR105278_SLE_Kenema_2014-08-13           0.34%    passed     99.99%
 176  EBOV_G4942.1_KR105279_SLE_Moyamba_2014-08-12          0.61%    passed     97.91%
 177  EBOV_G4946.1_KR105280_SLE_Kenema_2014-08-13           0.90%    passed     98.76%
 178  EBOV_G4955.1_KR105281_SLE___2014-08-13                0.71%    passed     99.55%
 179  EBOV_G4956.1_KR105282_SLE_Tonkolili_2014-08-13        1.26%    passed     99.17%
 180  EBOV_G4960.1_KR105283_SLE_Kenema_2014-08-14           0.21%    passed    100.00%
 181  EBOV_G4971.1_KR105284_SLE_Kenema_2014-08-14           0.28%    passed    100.00%
 182  EBOV_G4972.1_KR105285_SLE_Kenema_2014-08-14           0.42%    passed     99.97%
 183  EBOV_G4973.1_KR105286_SLE___2014-08-12                0.24%    passed     99.99%
 184  EBOV_G4981.1_KR105287_SLE___2014-08-14                0.45%    passed     99.97%
 185  EBOV_G4982.1_KR105288_SLE___2014-08-14                0.23%    passed    100.00%
 186  EBOV_G4994.1_KR105289_SLE___2014-08-15                0.45%    passed     99.98%
 187  EBOV_G4996.1_KR105290_SLE___2014-08-15                1.07%    passed     97.45%
 188  EBOV_G4999.1_KR105291_SLE_Kenema_2014-08-15           0.42%    passed     99.89%
 189  EBOV_G5012.3_KR105292_SLE_WesternArea_2014-08-15      0.57%    passed     99.76%
 190  EBOV_G5016.1_KR105293_SLE_Kenema_2014-08-16           0.45%    passed     99.97%
 191  EBOV_G5019.1_KR105294_SLE_Kenema_2014-08-16           0.51%    passed     99.87%
 192  EBOV_G5039.1_KR105295_SLE_Kenema_2014-08-17           0.85%    passed     99.95%
 193  EBOV_G5059.1_KR105296_SLE_Kenema_2014-08-18           2.34%    passed     95.70%
 194  EBOV_G5064.1_KR105297_SLE_Moyamba_2014-08-17          1.90%    passed     89.76%
 195  EBOV_G5112.1_KR105298_SLE_Kenema_2014-08-19           0.34%    passed     99.95%
 196  EBOV_G5114.1_KR105299_SLE_Pujehun_2014-08-18          2.04%    passed     94.82%
 197  EBOV_G5119.1_KR105300_SLE_Kenema_2014-08-24           0.38%    passed     99.89%
 198  EBOV_G5244.1_KR105301_SLE___2014-08-22                0.42%    passed     99.92%
 199  EBOV_G5295.1_KR105302_SLE___2014-08-25                1.54%    passed     96.78%
 200  EBOV_G5296.1_KR105303_SLE___2014-08-25                0.21%    passed     99.98%
****  TOTAL                                                 0.77%  0 sequences failed composition chi2 test (p-value<5%; df=3)
NOTE: No CharPartition defined, use all CharSets

Loading 4 partitions...
Subset	Type	Seqs	Sites	Infor	Invar	Model	Name
1	DNA	200	4839	13	4812	HKY+G	part1
2	DNA	200	4839	3	4816	HKY+G	part2
3	DNA	200	4839	28	4759	HKY+G	part3
4	DNA	200	4473	20	4408	HKY+G	part4
Degree of missing data: 0.000
Info: multi-threading strategy over partitions

NOTE: EBOV_EM111_KM233038_SLE_Kailahun_2014-06-03 is identical to EBOV_EM110_KM233037_SLE_Kailahun_2014-06-03 but kept for subsequent analysis
NOTE: EBOV_G3796_KM233078_SLE_Kailahun_2014-06-15 is identical to EBOV_G3786_KM233073_SLE_Kailahun_2014-06-14 but kept for subsequent analysis
NOTE: EBOV_G3820_KM233094_SLE_Kailahun_2014-06-15 is identical to EBOV_G3800_KM233081_SLE_Kailahun_2014-06-15 but kept for subsequent analysis
NOTE: EBOV_G4254.1_KR105225_SLE_Kailahun_2014-07-11 is identical to EBOV_G4236.1_KR105221_SLE_Kailahun_2014-07-10 but kept for subsequent analysis
NOTE: 2 identical sequences (see below) will be ignored for subsequent analysis
NOTE: EBOV_G3845_KM233108_SLE_Kailahun_2014-06-18 (identical to EBOV_EM110_KM233037_SLE_Kailahun_2014-06-03) is ignored but added at the end
NOTE: EBOV_G3838_KM233105_SLE_Kailahun_2014-06-17 (identical to EBOV_G3786_KM233073_SLE_Kailahun_2014-06-14) is ignored but added at the end
Concatenated alignment was printed to partitions.nex.uniqueseq.phy

For your convenience alignment with unique sequences printed to partitions.nex.uniqueseq.phy

Create initial parsimony tree by phylogenetic likelihood library (PLL)... 0.017 seconds

NOTE: 35 MB RAM (0 GB) is required!
Measuring multi-threading efficiency up to 12 CPU cores
Increase to 10 rounds for branch lengths
25 trees examined
Threads: 1 / Time: 12.309 sec / Speedup: 1.000 / Efficiency: 100% / LogL: -30830
Threads: 2 / Time: 11.905 sec / Speedup: 1.034 / Efficiency: 52% / LogL: -30830
Threads: 3 / Time: 12.784 sec / Speedup: 0.963 / Efficiency: 32% / LogL: -30830
BEST NUMBER OF THREADS: 1

Estimate model parameters (epsilon = 0.100)
Initial log-likelihood: -28083.506
Current log-likelihood at step 1: -27935.736
Current log-likelihood at step 2: -27935.706
Parameters optimization took 1 rounds (1.268 sec)

Computing ML distances based on estimated model parameters... 0.638 sec
Computing BIONJ tree...
0.076 seconds
Log-likelihood of BIONJ tree: -27910.531
--------------------------------------------------------------------
|             INITIALIZING CANDIDATE TREE SET                      |
--------------------------------------------------------------------
Generating 98 parsimony trees... 3.032 second
Computing log-likelihood of 98 initial trees ... 23.520 seconds
Current best score: -27903.618

Do NNI search on 20 best initial trees
Estimate model parameters (epsilon = 0.100)
Initial log-likelihood: -27903.508
Current log-likelihood at step 1: -27902.209
Current log-likelihood at step 2: -27902.191
Parameters optimization took 1 rounds (0.978 sec)

BETTER TREE FOUND at iteration 1: -27902.191
Iteration 10 / LogL: -27903.032 / Time: 0h:1m:25s
Iteration 20 / LogL: -27902.848 / Time: 0h:1m:44s
Finish initializing candidate tree set (20)
Current best tree score: -27902.191 / CPU time: 63.997
Number of iterations: 20
--------------------------------------------------------------------
|               OPTIMIZING CANDIDATE TREE SET                      |
--------------------------------------------------------------------
Iteration 30 / LogL: -27902.476 / Time: 0h:2m:4s (0h:5m:2s left)
Estimate model parameters (epsilon = 0.100)
Initial log-likelihood: -27902.089
Current log-likelihood at step 1: -27902.071
Parameters optimization took 0 rounds (0.506 sec)

BETTER TREE FOUND at iteration 31: -27902.071
Estimate model parameters (epsilon = 0.100)
Initial log-likelihood: -27901.947
Current log-likelihood at step 1: -27901.929
Parameters optimization took 0 rounds (0.450 sec)

BETTER TREE FOUND at iteration 33: -27901.929
Estimate model parameters (epsilon = 0.100)
Initial log-likelihood: -27901.847
Current log-likelihood at step 1: -27901.829
Parameters optimization took 0 rounds (0.454 sec)

BETTER TREE FOUND at iteration 35: -27901.829
Iteration 40 / LogL: -27912.549 / Time: 0h:2m:25s (0h:5m:52s left)
Estimate model parameters (epsilon = 0.100)
Initial log-likelihood: -27901.784
Current log-likelihood at step 1: -27901.765
Parameters optimization took 0 rounds (0.438 sec)

BETTER TREE FOUND at iteration 42: -27901.765
Iteration 50 / LogL: -27938.268 / Time: 0h:2m:42s (0h:5m:4s left)
Estimate model parameters (epsilon = 0.100)
Initial log-likelihood: -27901.714
Current log-likelihood at step 1: -27901.696
Parameters optimization took 0 rounds (0.551 sec)

BETTER TREE FOUND at iteration 52: -27901.696
Estimate model parameters (epsilon = 0.100)
Initial log-likelihood: -27901.668
Current log-likelihood at step 1: -27901.649
Parameters optimization took 0 rounds (0.458 sec)

BETTER TREE FOUND at iteration 60: -27901.649
Iteration 60 / LogL: -27901.649 / Time: 0h:3m:1s (0h:5m:6s left)
Estimate model parameters (epsilon = 0.100)
Initial log-likelihood: -27901.432
Current log-likelihood at step 1: -27901.414
Parameters optimization took 0 rounds (0.526 sec)

BETTER TREE FOUND at iteration 62: -27901.414
Estimate model parameters (epsilon = 0.100)
Initial log-likelihood: -27901.403
Current log-likelihood at step 1: -27901.384
Parameters optimization took 0 rounds (0.444 sec)

BETTER TREE FOUND at iteration 70: -27901.384
Iteration 70 / LogL: -27901.384 / Time: 0h:3m:19s (0h:4m:48s left)
Estimate model parameters (epsilon = 0.100)
Initial log-likelihood: -27901.364
Current log-likelihood at step 1: -27901.346
Parameters optimization took 0 rounds (0.446 sec)

BETTER TREE FOUND at iteration 71: -27901.346
Estimate model parameters (epsilon = 0.100)
Initial log-likelihood: -27901.288
Current log-likelihood at step 1: -27901.270
Parameters optimization took 0 rounds (0.447 sec)

BETTER TREE FOUND at iteration 80: -27901.270
Iteration 80 / LogL: -27901.270 / Time: 0h:3m:36s (0h:4m:33s left)
BETTER TREE FOUND at iteration 85: -27901.266
Iteration 90 / LogL: -27919.537 / Time: 0h:3m:51s (0h:4m:7s left)
BETTER TREE FOUND at iteration 91: -27901.261
Estimate model parameters (epsilon = 0.100)
Initial log-likelihood: -27901.229
Current log-likelihood at step 1: -27901.211
Parameters optimization took 0 rounds (0.507 sec)

BETTER TREE FOUND at iteration 97: -27901.211
Iteration 100 / LogL: -27901.220 / Time: 0h:4m:8s (0h:4m:3s left)
Iteration 110 / LogL: -27901.232 / Time: 0h:4m:24s (0h:3m:30s left)
Estimate model parameters (epsilon = 0.100)
Initial log-likelihood: -27901.189
Current log-likelihood at step 1: -27901.171
Parameters optimization took 0 rounds (0.447 sec)

BETTER TREE FOUND at iteration 112: -27901.171
Estimate model parameters (epsilon = 0.100)
Initial log-likelihood: -27901.157
Current log-likelihood at step 1: -27901.139
Parameters optimization took 0 rounds (0.507 sec)

BETTER TREE FOUND at iteration 119: -27901.139
BETTER TREE FOUND at iteration 120: -27901.132
Iteration 120 / LogL: -27901.132 / Time: 0h:4m:42s (0h:3m:56s left)
Estimate model parameters (epsilon = 0.100)
Initial log-likelihood: -27901.121
Current log-likelihood at step 1: -27901.102
Parameters optimization took 0 rounds (0.434 sec)

BETTER TREE FOUND at iteration 121: -27901.102
Iteration 130 / LogL: -27902.154 / Time: 0h:4m:59s (0h:3m:30s left)
Iteration 140 / LogL: -27925.057 / Time: 0h:5m:16s (0h:3m:3s left)
Iteration 150 / LogL: -27901.140 / Time: 0h:5m:32s (0h:2m:38s left)
Iteration 160 / LogL: -27944.663 / Time: 0h:5m:49s (0h:2m:13s left)
Iteration 170 / LogL: -27901.156 / Time: 0h:6m:5s (0h:1m:50s left)
BETTER TREE FOUND at iteration 173: -27901.100
BETTER TREE FOUND at iteration 178: -27901.090
Iteration 180 / LogL: -27902.157 / Time: 0h:6m:21s (0h:3m:28s left)
Iteration 190 / LogL: -27901.100 / Time: 0h:6m:38s (0h:3m:5s left)
Estimate model parameters (epsilon = 0.100)
Initial log-likelihood: -27901.068
Current log-likelihood at step 1: -27901.049
Parameters optimization took 0 rounds (0.437 sec)

BETTER TREE FOUND at iteration 197: -27901.049
Iteration 200 / LogL: -27914.129 / Time: 0h:6m:55s (0h:3m:22s left)
BETTER TREE FOUND at iteration 204: -27901.048
Iteration 210 / LogL: -27901.080 / Time: 0h:7m:12s (0h:3m:14s left)
BETTER TREE FOUND at iteration 220: -27901.048
Iteration 220 / LogL: -27901.048 / Time: 0h:7m:29s (0h:3m:25s left)
BETTER TREE FOUND at iteration 229: -27901.045
Iteration 230 / LogL: -27902.164 / Time: 0h:7m:46s (0h:3m:21s left)
Estimate model parameters (epsilon = 0.100)
Initial log-likelihood: -27901.034
Current log-likelihood at step 1: -27901.015
Parameters optimization took 0 rounds (0.470 sec)

BETTER TREE FOUND at iteration 240: -27901.015
Iteration 240 / LogL: -27901.015 / Time: 0h:8m:4s (0h:3m:22s left)
Iteration 250 / LogL: -27901.024 / Time: 0h:8m:21s (0h:3m:0s left)
Iteration 260 / LogL: -27901.059 / Time: 0h:8m:36s (0h:2m:39s left)
BETTER TREE FOUND at iteration 267: -27901.014
Iteration 270 / LogL: -27910.900 / Time: 0h:8m:52s (0h:3m:11s left)
Iteration 280 / LogL: -27901.077 / Time: 0h:9m:8s (0h:2m:50s left)
BETTER TREE FOUND at iteration 285: -27901.005
Iteration 290 / LogL: -27901.050 / Time: 0h:9m:25s (0h:3m:5s left)
Iteration 300 / LogL: -27909.340 / Time: 0h:9m:41s (0h:2m:45s left)
BETTER TREE FOUND at iteration 307: -27900.995
Iteration 310 / LogL: -27901.097 / Time: 0h:10m:0s (0h:3m:8s left)
BETTER TREE FOUND at iteration 318: -27900.987
Iteration 320 / LogL: -27914.555 / Time: 0h:10m:17s (0h:3m:9s left)
Iteration 330 / LogL: -27900.997 / Time: 0h:10m:36s (0h:2m:50s left)
Iteration 340 / LogL: -27901.038 / Time: 0h:10m:53s (0h:2m:30s left)
Iteration 350 / LogL: -27908.943 / Time: 0h:11m:10s (0h:2m:10s left)
BETTER TREE FOUND at iteration 357: -27900.983
Iteration 360 / LogL: -27921.786 / Time: 0h:11m:26s (0h:3m:5s left)
BETTER TREE FOUND at iteration 367: -27900.981
Iteration 370 / LogL: -27901.007 / Time: 0h:11m:42s (0h:3m:4s left)
Iteration 380 / LogL: -27901.004 / Time: 0h:11m:58s (0h:2m:44s left)
BETTER TREE FOUND at iteration 383: -27900.979
BETTER TREE FOUND at iteration 389: -27900.971
Iteration 390 / LogL: -27901.466 / Time: 0h:12m:15s (0h:3m:6s left)
Iteration 400 / LogL: -27929.487 / Time: 0h:12m:31s (0h:2m:47s left)
Iteration 410 / LogL: -27901.008 / Time: 0h:12m:47s (0h:2m:28s left)
Iteration 420 / LogL: -27917.246 / Time: 0h:13m:3s (0h:2m:8s left)
Iteration 430 / LogL: -27909.293 / Time: 0h:13m:19s (0h:1m:49s left)
Iteration 440 / LogL: -27901.012 / Time: 0h:13m:36s (0h:1m:31s left)
Iteration 450 / LogL: -27919.201 / Time: 0h:13m:52s (0h:1m:12s left)
Iteration 460 / LogL: -27901.492 / Time: 0h:14m:8s (0h:0m:53s left)
Estimate model parameters (epsilon = 0.100)
Initial log-likelihood: -27900.957
Current log-likelihood at step 1: -27900.939
Parameters optimization took 0 rounds (0.454 sec)

BETTER TREE FOUND at iteration 469: -27900.939
Iteration 470 / LogL: -27901.415 / Time: 0h:14m:24s (0h:3m:2s left)
Iteration 480 / LogL: -27900.960 / Time: 0h:14m:41s (0h:2m:43s left)
Iteration 490 / LogL: -27900.965 / Time: 0h:14m:59s (0h:2m:25s left)
Iteration 500 / LogL: -27908.922 / Time: 0h:15m:15s (0h:2m:6s left)
BETTER TREE FOUND at iteration 505: -27900.934
Iteration 510 / LogL: -27900.942 / Time: 0h:15m:32s (0h:2m:53s left)
Iteration 520 / LogL: -27900.986 / Time: 0h:15m:49s (0h:2m:35s left)
Iteration 530 / LogL: -27909.735 / Time: 0h:16m:6s (0h:2m:16s left)
Iteration 540 / LogL: -27900.997 / Time: 0h:16m:22s (0h:1m:58s left)
Iteration 550 / LogL: -27967.733 / Time: 0h:16m:39s (0h:1m:40s left)
Iteration 560 / LogL: -27917.378 / Time: 0h:16m:57s (0h:1m:21s left)
Iteration 570 / LogL: -27901.041 / Time: 0h:17m:13s (0h:1m:3s left)
Iteration 580 / LogL: -27909.514 / Time: 0h:17m:29s (0h:0m:45s left)
Iteration 590 / LogL: -27908.813 / Time: 0h:17m:45s (0h:0m:27s left)
Iteration 600 / LogL: -27900.949 / Time: 0h:18m:2s (0h:0m:9s left)
BETTER TREE FOUND at iteration 604: -27900.929
Iteration 610 / LogL: -27917.255 / Time: 0h:18m:19s (0h:2m:49s left)
Iteration 620 / LogL: -27901.001 / Time: 0h:18m:35s (0h:2m:31s left)
Iteration 630 / LogL: -27936.896 / Time: 0h:18m:52s (0h:2m:13s left)
Iteration 640 / LogL: -27900.989 / Time: 0h:19m:9s (0h:1m:55s left)
Iteration 650 / LogL: -27902.022 / Time: 0h:19m:24s (0h:1m:36s left)
Iteration 660 / LogL: -27901.003 / Time: 0h:19m:42s (0h:1m:18s left)
Iteration 670 / LogL: -27901.010 / Time: 0h:19m:58s (0h:1m:0s left)
Iteration 680 / LogL: -27900.974 / Time: 0h:20m:15s (0h:0m:42s left)
Iteration 690 / LogL: -27926.715 / Time: 0h:20m:31s (0h:0m:25s left)
Iteration 700 / LogL: -27900.984 / Time: 0h:20m:47s (0h:0m:7s left)
TREE SEARCH COMPLETED AFTER 705 ITERATIONS / Time: 0h:20m:56s

--------------------------------------------------------------------
|                    FINALIZING TREE SEARCH                        |
--------------------------------------------------------------------
Performs final model parameters optimization
Estimate model parameters (epsilon = 0.010)
Initial log-likelihood: -27900.929
Current log-likelihood at step 1: -27900.910
Current log-likelihood at step 2: -27900.891
Current log-likelihood at step 3: -27900.872
Current log-likelihood at step 4: -27900.853
Current log-likelihood at step 5: -27900.834
Current log-likelihood at step 6: -27900.815
Current log-likelihood at step 7: -27900.796
Current log-likelihood at step 8: -27900.777
Current log-likelihood at step 9: -27900.758
Current log-likelihood at step 10: -27900.739
Current log-likelihood at step 11: -27900.719
Current log-likelihood at step 12: -27900.700
Current log-likelihood at step 13: -27900.681
Current log-likelihood at step 14: -27900.661
Current log-likelihood at step 15: -27900.642
Current log-likelihood at step 16: -27900.622
Current log-likelihood at step 17: -27900.603
Current log-likelihood at step 18: -27900.583
Current log-likelihood at step 19: -27900.564
Current log-likelihood at step 20: -27900.544
Current log-likelihood at step 21: -27900.524
Current log-likelihood at step 22: -27900.504
Current log-likelihood at step 23: -27900.485
Current log-likelihood at step 24: -27900.465
Current log-likelihood at step 25: -27900.445
Current log-likelihood at step 26: -27900.425
Current log-likelihood at step 27: -27900.405
Current log-likelihood at step 28: -27900.385
Current log-likelihood at step 29: -27900.365
Current log-likelihood at step 30: -27900.345
Current log-likelihood at step 31: -27900.324
Current log-likelihood at step 32: -27900.304
Current log-likelihood at step 33: -27900.284
Current log-likelihood at step 34: -27900.263
Current log-likelihood at step 35: -27900.243
Current log-likelihood at step 36: -27900.223
Current log-likelihood at step 37: -27900.202
Current log-likelihood at step 38: -27900.182
Current log-likelihood at step 39: -27900.161
Current log-likelihood at step 40: -27900.141
Current log-likelihood at step 41: -27900.120
Current log-likelihood at step 42: -27900.099
Current log-likelihood at step 43: -27900.078
Current log-likelihood at step 44: -27900.058
Current log-likelihood at step 45: -27900.037
Current log-likelihood at step 46: -27900.016
Current log-likelihood at step 47: -27899.995
Current log-likelihood at step 48: -27899.974
Current log-likelihood at step 49: -27899.953
Current log-likelihood at step 50: -27899.932
Current log-likelihood at step 51: -27899.911
Current log-likelihood at step 52: -27899.890
Current log-likelihood at step 53: -27899.868
Current log-likelihood at step 54: -27899.847
Current log-likelihood at step 55: -27899.826
Current log-likelihood at step 56: -27899.805
Current log-likelihood at step 57: -27899.783
Current log-likelihood at step 58: -27899.762
Current log-likelihood at step 59: -27899.740
Current log-likelihood at step 60: -27899.719
Current log-likelihood at step 61: -27899.697
Current log-likelihood at step 62: -27899.676
Current log-likelihood at step 63: -27899.654
Current log-likelihood at step 64: -27899.633
Current log-likelihood at step 65: -27899.611
Current log-likelihood at step 66: -27899.589
Current log-likelihood at step 67: -27899.567
Current log-likelihood at step 68: -27899.546
Current log-likelihood at step 69: -27899.524
Current log-likelihood at step 70: -27899.502
Current log-likelihood at step 71: -27899.480
Current log-likelihood at step 72: -27899.458
Current log-likelihood at step 73: -27899.436
Current log-likelihood at step 74: -27899.414
Current log-likelihood at step 75: -27899.392
Current log-likelihood at step 76: -27899.370
Current log-likelihood at step 77: -27899.348
Current log-likelihood at step 78: -27899.326
Current log-likelihood at step 79: -27899.304
Current log-likelihood at step 80: -27899.281
Current log-likelihood at step 81: -27899.259
Current log-likelihood at step 82: -27899.237
Current log-likelihood at step 83: -27899.215
Current log-likelihood at step 84: -27899.192
Current log-likelihood at step 85: -27899.170
Current log-likelihood at step 86: -27899.148
Current log-likelihood at step 87: -27899.126
Current log-likelihood at step 88: -27899.103
Current log-likelihood at step 89: -27899.081
Current log-likelihood at step 90: -27899.058
Current log-likelihood at step 91: -27899.036
Current log-likelihood at step 92: -27899.014
Current log-likelihood at step 93: -27898.991
Current log-likelihood at step 94: -27898.969
Current log-likelihood at step 95: -27898.946
Current log-likelihood at step 96: -27898.924
Current log-likelihood at step 97: -27898.901
Current log-likelihood at step 98: -27898.879
Current log-likelihood at step 99: -27898.856
Parameters optimization took 99 rounds (46.227 sec)

BEST SCORE FOUND : -27898.856
Total tree length: 0.012

Total number of iterations: 705
CPU time used for tree search: 1210.257 sec (0h:20m:10s)
Wall-clock time used for tree search: 1216.548 sec (0h:20m:16s)
Total CPU time used: 1304.023 sec (0h:21m:44s)
Total wall-clock time used: 1302.892 sec (0h:21m:42s)

Analysis results written to: 
  IQ-TREE report:                partitions.nex.iqtree
  Maximum-likelihood tree:       partitions.nex.treefile
  Likelihood distances:          partitions.nex.mldist
  Screen log file:               partitions.nex.log

Date and Time: Fri Mar  1 15:50:06 2019
