IQ-TREE multicore version 1.6.10 for Mac OS X 64-bit built May  8 2019
Developed by Bui Quang Minh, Nguyen Lam Tung, Olga Chernomor,
Heiko Schmidt, Dominik Schrempf, Michael Woodhams.

Host:    Administrators-MacBook-Air.local (AVX, 4 GB RAM)
Command: iqtree -s input_files/iqtree_aln.fasta -m HKY -nt AUTO -q ../IQTree/partitions.nex -redo
Seed:    575051 (Using SPRNG - Scalable Parallel Random Number Generator)
Time:    Sun Jun  9 14:31:33 2019
Kernel:  AVX - auto-detect threads (4 CPU cores detected)

Reading partition model file ../IQTree/partitions.nex ...
Reading alignment file input_files/iqtree_aln.fasta ... Fasta format detected
Alignment most likely contains DNA/RNA sequences
WARNING: 13 sites contain only gaps or ambiguous characters.
Alignment has 196 sequences with 18970 columns, 865 distinct patterns
61 parsimony-informative, 121 singleton sites, 18788 constant sites
                                  Gap/Ambiguity  Composition  p-value
   1  MH607892_WAR_2014-08-26             2.35%    passed     93.78%
   2  MH607893_WAU_2014-08-26             1.32%    passed     98.95%
   3  MH607894_Tonkolili_2014-08-26       1.14%    passed     99.65%
   4  MH607895_WAU_2014-08-26             1.31%    passed     98.91%
   5  KR653251_Kenema_2014-08-22          0.21%    passed     99.99%
   6  KR653252_PortLoko_2014-08-20        0.21%    passed     99.98%
   7  KR653267_Tonkolili_2014-08-23       0.26%    passed     99.98%
   8  KR653239_WesternRural_2014-08-22    0.28%    passed     99.98%
   9  KR653241_Pujehun_2014-08-24         0.39%    passed     99.92%
  10  KR653227_Bombali_2014-08-26         0.24%    passed     99.98%
  11  KR817227_Kailahun_2014-06-13        0.10%    passed     99.99%
  12  KR817228_Kailahun_2014-06-14        0.09%    passed     99.99%
  13  KR817229_Kailahun_2014-06-15        0.44%    passed     99.76%
  14  KR817236_Kailahun_2014-06-24        0.08%    passed     99.99%
  15  KR817238_Kailahun_2014-06-26        0.09%    passed     99.98%
  16  KR817244_Kailahun_2014-07-12        0.25%    passed     99.98%
  17  KP184503_Kenema_2014-08-25          0.09%    passed     99.99%
  18  KM034550_Kailahun_2014-05-25        0.43%    passed    100.00%
  19  KM034551_Kailahun_2014-05-26        0.24%    passed     99.98%
  20  KM034552_Kailahun_2014-05-26        1.06%    passed     98.19%
  21  KM233035_Kailahun_2014-06-02        0.31%    passed     99.96%
  22  KM233036_Kailahun_2014-06-02        0.51%    passed     99.69%
  23  KM233037_Kailahun_2014-06-03        0.31%    passed     99.98%
  24  KM233038_Kailahun_2014-06-03        0.31%    passed     99.98%
  25  KM233039_Kailahun_2014-06-03        0.11%    passed     99.99%
  26  KM233040_Kailahun_2014-06-03        0.26%    passed     99.99%
  27  KM233041_Kailahun_2014-06-03        0.44%    passed     99.82%
  28  KM233042_Kailahun_2014-06-03        0.31%    passed     99.98%
  29  KM233043_Kailahun_2014-06-03        0.29%    passed     99.79%
  30  KM233044_Kailahun_2014-06-04        0.31%    passed     99.98%
  31  KM233045_Kailahun_2014-06-04        0.26%    passed    100.00%
  32  KM034553_Kailahun_2014-05-27        0.23%    passed    100.00%
  33  KM034554_Kailahun_2014-05-27        0.12%    passed     99.99%
  34  KM034556_Kailahun_2014-05-26        0.09%    passed     99.99%
  35  KM034558_Kailahun_2014-05-28        0.29%    passed     99.93%
  36  KM034559_Kailahun_2014-05-28        0.33%    passed     99.99%
  37  KM034560_Kailahun_2014-05-28        0.11%    passed    100.00%
  38  KM034561_Kailahun_2014-05-28        0.33%    passed     99.96%
  39  KM034562_Kailahun_2014-05-28        0.08%    passed     99.99%
  40  KM034563_Kailahun_2014-05-28        2.79%    passed     99.48%
  41  KM233049_Kailahun_2014-05-31        0.13%    passed    100.00%
  42  KM233050_Kailahun_2014-06-09        0.08%    passed     99.99%
  43  KM233053_Kailahun_2014-06-05        0.08%    passed     99.99%
  44  KM233054_Kailahun_2014-06-07        0.14%    passed    100.00%
  45  KM233055_Kailahun_2014-06-07        0.48%    passed     99.60%
  46  KM233056_Kailahun_2014-06-07        0.08%    passed     99.99%
  47  KM233058_Kailahun_2014-06-10        0.63%    passed     99.64%
  48  KM233061_Kailahun_2014-06-10        0.42%    passed     99.75%
  49  KM233062_Kailahun_2014-06-11        0.18%    passed    100.00%
  50  KM233063_Unk_2014-06-12             0.10%    passed     99.99%
  51  KM233064_Kailahun_2014-06-14        0.88%    passed     99.91%
  52  KM233065_Kailahun_2014-06-12        0.24%    passed     99.98%
  53  KM233069_Kailahun_2014-06-12        0.08%    passed     99.98%
  54  KM233071_Kailahun_2014-06-12        0.37%    passed     99.98%
  55  KM233072_Kailahun_2014-06-14        0.12%    passed    100.00%
  56  KM233073_Kailahun_2014-06-14        0.31%    passed     99.98%
  57  KM233074_Kailahun_2014-06-14        0.42%    passed     99.78%
  58  KM233075_Kailahun_2014-06-14        0.21%    passed     99.99%
  59  KM233076_Kailahun_2014-06-14        0.84%    passed     99.80%
  60  KM233077_Kailahun_2014-06-15        0.38%    passed     99.91%
  61  KM233078_Kailahun_2014-06-15        0.31%    passed     99.98%
  62  KM233079_Kailahun_2014-06-15        0.53%    passed     99.65%
  63  KM233080_Kailahun_2014-06-15        0.14%    passed    100.00%
  64  KM233081_Kailahun_2014-06-15        0.24%    passed    100.00%
  65  KM233082_Kailahun_2014-06-15        0.83%    passed     99.61%
  66  KM233084_Kailahun_2014-06-15        0.26%    passed    100.00%
  67  KM233085_Kailahun_2014-06-15        0.46%    passed     99.65%
  68  KM233086_Kailahun_2014-06-15        0.74%    passed     99.83%
  69  KM233087_Kailahun_2014-06-15        0.26%    passed    100.00%
  70  KM233089_Kailahun_2014-06-15        0.30%    passed     99.80%
  71  KM233090_Kailahun_2014-06-15        0.90%    passed     98.93%
  72  KM233091_Kailahun_2014-06-15        0.44%    passed     99.72%
  73  KM233092_Kailahun_2014-06-15        0.12%    passed    100.00%
  74  KM233093_Kailahun_2014-06-15        0.47%    passed     99.81%
  75  KM233094_Kailahun_2014-06-15        0.24%    passed    100.00%
  76  KM233095_Kailahun_2014-06-15        0.57%    passed     99.84%
  77  KM233096_Kailahun_2014-06-15        0.09%    passed     99.98%
  78  KM233097_Kailahun_2014-06-15        0.11%    passed     99.99%
  79  KM233098_Kailahun_2014-06-16        0.11%    passed     99.99%
  80  KM233100_Kailahun_2014-06-16        0.21%    passed     99.99%
  81  KM233101_Kailahun_2014-06-16        0.50%    passed     99.63%
  82  KM233102_Kailahun_2014-06-16        0.15%    passed    100.00%
  83  KM233103_Kailahun_2014-06-16        0.12%    passed     99.99%
  84  KM233104_Kailahun_2014-06-17        0.26%    passed     99.62%
  85  KM233105_Kailahun_2014-06-17        0.31%    passed     99.98%
  86  KM233106_Kailahun_2014-06-17        0.15%    passed    100.00%
  87  KM233107_Bo_2014-06-17              0.50%    passed     99.65%
  88  KM233108_Kailahun_2014-06-18        0.31%    passed     99.98%
  89  KM233109_Kailahun_2014-06-18        0.08%    passed     99.97%
  90  KM233110_Kailahun_2014-06-18        0.09%    passed     99.98%
  91  KM233111_Kailahun_2014-06-18        1.16%    passed     99.50%
  92  KM233112_Kenema_2014-06-18          0.26%    passed     99.99%
  93  KM233113_Kenema_2014-06-18          0.08%    passed     99.99%
  94  KM233115_Kailahun_2014-06-18        0.71%    passed     99.77%
  95  KM233116_Kambia_2014-06-04          0.24%    passed    100.00%
  96  KR105200_Kailahun_2014-06-16        0.32%    passed     99.99%
  97  KR105201_Kenema_2014-06-19          2.60%    passed     84.51%
  98  KR105202_Kenema_2014-06-18          1.04%    passed     99.33%
  99  KR105203_Kenema_2014-06-17          4.55%    passed     97.05%
 100  KR105204_Kenema_2014-06-19          0.28%    passed     99.99%
 101  KR105205_Kenema_2014-06-19          0.18%    passed    100.00%
 102  KR105206_Kenema_2014-06-21          0.79%    passed     99.56%
 103  KR105207_Kenema_2014-06-21          0.16%    passed    100.00%
 104  KR105208_Kailahun_2014-06-22        1.34%    passed     99.88%
 105  KR105209_Unk_2014-06-24             0.55%    passed     99.79%
 106  KR105210_Unk_2014-06-24             0.28%    passed     99.99%
 107  KR105211_Kailahun_2014-06-25        5.75%    passed     96.43%
 108  KR105212_Unk_2014-06-24             3.29%    passed     77.47%
 109  KR105213_Kenema_2014-07-05          0.20%    passed     99.99%
 110  KR105214_Kailahun_2014-07-04        0.36%    passed    100.00%
 111  KR105215_Kenema_2014-07-06          0.23%    passed    100.00%
 112  KR105216_Kailahun_2014-07-07        0.34%    passed     99.91%
 113  KR105217_Kenema_2014-07-08          0.76%    passed     99.87%
 114  KR105218_Bo_2014-07-08              0.16%    passed    100.00%
 115  KR105219_Unk_2014-07-09             0.32%    passed     99.97%
 116  KR105220_Kailahun_2014-07-11        2.53%    passed     98.27%
 117  KR105221_Kailahun_2014-07-10        0.21%    passed    100.00%
 118  KR105222_Kailahun_2014-07-11        0.23%    passed    100.00%
 119  KR105223_Kailahun_2014-07-11        0.36%    passed     99.91%
 120  KR105224_Kailahun_2014-07-11        0.27%    passed    100.00%
 121  KR105225_Kailahun_2014-07-11        0.21%    passed    100.00%
 122  KR105226_Kailahun_2014-07-11        0.31%    passed     99.97%
 123  KR105227_Kenema_2014-07-11          0.15%    passed    100.00%
 124  KR105228_Kenema_2014-07-11          0.23%    passed     99.99%
 125  KR105229_Kailahun_2014-07-12        0.25%    passed    100.00%
 126  KR105230_PortLoko_2014-07-12        0.66%    passed     99.89%
 127  KR105231_Kenema_2014-07-13          0.21%    passed     99.99%
 128  KR105232_Kenema_2014-07-14          0.26%    passed     99.98%
 129  KR105233_Kenema_2014-07-14          0.32%    passed     99.94%
 130  KR105234_Kenema_2014-07-14          0.56%    passed    100.00%
 131  KR105235_Kailahun_2014-07-14        0.26%    passed     99.99%
 132  KR105236_Kailahun_2014-07-13        2.64%    passed     95.24%
 133  KR105237_Kenema_2014-07-14          0.50%    passed     99.92%
 134  KR105238_Kailahun_2014-07-14        0.73%    passed     99.58%
 135  KR105239_Kenema_2014-07-18          0.21%    passed     99.99%
 136  KR105240_Kenema_2014-07-15          0.24%    passed     99.99%
 137  KR105241_Kenema_2014-07-09          0.19%    passed    100.00%
 138  KR105242_Kenema_2014-07-14          0.16%    passed    100.00%
 139  KR105243_Kenema_2014-07-15          0.10%    passed    100.00%
 140  KR105244_Kenema_2014-07-16          0.12%    passed    100.00%
 141  KR105245_Kenema_2014-07-16          1.38%    passed     99.92%
 142  KR105246_Kono_2014-07-18            2.23%    passed     98.71%
 143  KR105247_Kenema_2014-07-18          0.38%    passed     99.49%
 144  KR105248_Bo_2014-07-18              0.10%    passed     99.98%
 145  KR105249_Kenema_2014-07-19          0.31%    passed     99.99%
 146  KR105250_Kenema_2014-07-19          0.74%    passed     99.71%
 147  KR105251_Kailahun_2014-07-19        0.23%    passed    100.00%
 148  KR105252_Kailahun_2014-07-19        0.12%    passed     99.99%
 149  KR105253_Bo_2014-07-20              1.89%    passed     92.78%
 150  KR105254_Kailahun_2014-07-20        3.89%    passed     45.96%
 151  KR105255_Kenema_2014-07-20          5.59%    passed     31.43%
 152  KR105256_Kenema_2014-07-21          0.11%    passed    100.00%
 153  KR105257_Kenema_2014-07-21          4.05%    passed     65.64%
 154  KR105258_Kailahun_2014-07-21        0.28%    passed    100.00%
 155  KR105259_Kenema_2014-08-05          4.43%    passed     40.90%
 156  KR105260_Bo_2014-07-22              2.85%    passed     58.22%
 157  KR105261_Kenema_2014-07-26          2.68%    passed     95.23%
 158  KR105262_Unk_2014-08-01             0.29%    passed     99.98%
 159  KR105263_Kenema_2014-08-03          0.82%    passed     99.95%
 160  KR105264_Kenema_2014-08-03          0.82%    passed     98.25%
 161  KR105265_Kenema_2014-08-03          0.66%    passed     99.99%
 162  KR105266_Kenema_2014-08-04          0.65%    passed     99.39%
 163  KR105267_Moyamba_2014-08-04         2.89%    passed     70.39%
 164  KR105268_Kenema_2014-08-05          0.50%    passed     99.55%
 165  KR105269_Kenema_2014-08-05          0.26%    passed     99.95%
 166  KR105270_Unk_2014-08-05             0.50%    passed     99.99%
 167  KR105271_Unk_2014-08-05             0.25%    passed     99.99%
 168  KR105272_Kenema_2014-08-09          3.18%    passed     82.18%
 169  KR105273_Kenema_2014-08-10          1.02%    passed     97.72%
 170  KR105274_Unk_2014-08-10             0.55%    passed     99.30%
 171  KR105275_Unk_2014-08-10             0.85%    passed     99.95%
 172  KR105276_Kenema_2014-08-11          0.32%    passed     99.98%
 173  KR105277_Kenema_2014-08-12          0.38%    passed     99.96%
 174  KR105278_Kenema_2014-08-13          0.23%    passed     99.99%
 175  KR105279_Moyamba_2014-08-12         0.50%    passed     97.89%
 176  KR105280_Kenema_2014-08-13          0.80%    passed     98.77%
 177  KR105281_Unk_2014-08-13             0.61%    passed     99.56%
 178  KR105282_Tonkolili_2014-08-13       1.16%    passed     99.16%
 179  KR105283_Kenema_2014-08-14          0.10%    passed    100.00%
 180  KR105284_Kenema_2014-08-14          0.18%    passed    100.00%
 181  KR105285_Kenema_2014-08-14          0.32%    passed     99.97%
 182  KR105287_Unk_2014-08-14             0.35%    passed     99.97%
 183  KR105288_Unk_2014-08-14             0.12%    passed    100.00%
 184  KR105289_Unk_2014-08-15             0.34%    passed     99.98%
 185  KR105290_Unk_2014-08-15             0.97%    passed     97.42%
 186  KR105292_WesternArea_2014-08-15     0.46%    passed     99.76%
 187  KR105293_Kenema_2014-08-16          0.34%    passed     99.97%
 188  KR105294_Kenema_2014-08-16          0.41%    passed     99.87%
 189  KR105295_Kenema_2014-08-17          0.74%    passed     99.95%
 190  KR105297_Moyamba_2014-08-17         1.79%    passed     89.71%
 191  KR105298_Kenema_2014-08-19          0.23%    passed     99.95%
 192  KR105299_Pujehun_2014-08-18         1.93%    passed     94.79%
 193  KR105300_Kenema_2014-08-24          0.27%    passed     99.87%
 194  KR105301_Unk_2014-08-22             0.32%    passed     99.92%
 195  KR105302_Unk_2014-08-25             1.43%    passed     96.76%
 196  KR105303_Unk_2014-08-25             0.10%    passed     99.99%
****  TOTAL                               0.67%  0 sequences failed composition chi2 test (p-value<5%; df=3)
NOTE: No CharPartition defined, use all CharSets

Loading 4 partitions...
Subset	Type	Seqs	Sites	Infor	Invar	Model	Name
1	DNA	196	4839	12	4812	HKY	part1
2	DNA	196	4839	3	4821	HKY	part2
3	DNA	196	4839	27	4762	HKY	part3
4	DNA	196	4453	19	4393	HKY	part4
Degree of missing data: 0.000
Info: multi-threading strategy over partitions

NOTE: KM233038_Kailahun_2014-06-03 is identical to KM233037_Kailahun_2014-06-03 but kept for subsequent analysis
NOTE: KM233078_Kailahun_2014-06-15 is identical to KM233073_Kailahun_2014-06-14 but kept for subsequent analysis
NOTE: KM233094_Kailahun_2014-06-15 is identical to KM233081_Kailahun_2014-06-15 but kept for subsequent analysis
NOTE: KR105225_Kailahun_2014-07-11 is identical to KR105221_Kailahun_2014-07-10 but kept for subsequent analysis
NOTE: 2 identical sequences (see below) will be ignored for subsequent analysis
NOTE: KM233108_Kailahun_2014-06-18 (identical to KM233037_Kailahun_2014-06-03) is ignored but added at the end
NOTE: KM233105_Kailahun_2014-06-17 (identical to KM233073_Kailahun_2014-06-14) is ignored but added at the end
Concatenated alignment was printed to ../IQTree/partitions.nex.uniqueseq.phy

For your convenience alignment with unique sequences printed to ../IQTree/partitions.nex.uniqueseq.phy

Create initial parsimony tree by phylogenetic likelihood library (PLL)... 0.031 seconds

NOTE: 8 MB RAM (0 GB) is required!
Measuring multi-threading efficiency up to 4 CPU cores
Increase to 10 rounds for branch lengths
11 trees examined
Threads: 1 / Time: 4.205 sec / Speedup: 1.000 / Efficiency: 100% / LogL: -30613
Threads: 2 / Time: 4.457 sec / Speedup: 0.944 / Efficiency: 47% / LogL: -30613
BEST NUMBER OF THREADS: 1

Estimate model parameters (epsilon = 0.100)
Initial log-likelihood: -27901.623
Current log-likelihood at step 1: -27771.065
Current log-likelihood at step 2: -27771.043
Parameters optimization took 1 rounds (0.364 sec)

Computing ML distances based on estimated model parameters... 0.771 sec
Computing BIONJ tree...
0.046 seconds
Log-likelihood of BIONJ tree: -27778.928
--------------------------------------------------------------------
|             INITIALIZING CANDIDATE TREE SET                      |
--------------------------------------------------------------------
Generating 98 parsimony trees... 5.346 second
Computing log-likelihood of 98 initial trees ... 17.958 seconds
Current best score: -27768.610

Do NNI search on 20 best initial trees
Estimate model parameters (epsilon = 0.100)
Initial log-likelihood: -27768.501
Current log-likelihood at step 1: -27768.478
Parameters optimization took 0 rounds (0.176 sec)

BETTER TREE FOUND at iteration 1: -27768.478
Estimate model parameters (epsilon = 0.100)
Initial log-likelihood: -27768.434
Current log-likelihood at step 1: -27768.412
Parameters optimization took 0 rounds (0.171 sec)

BETTER TREE FOUND at iteration 2: -27768.412
Iteration 10 / LogL: -27771.363 / Time: 0h:0m:49s
Iteration 20 / LogL: -27771.040 / Time: 0h:1m:9s
Finish initializing candidate tree set (20)
Current best tree score: -27768.412 / CPU time: 59.045
Number of iterations: 20
--------------------------------------------------------------------
|               OPTIMIZING CANDIDATE TREE SET                      |
--------------------------------------------------------------------
Estimate model parameters (epsilon = 0.100)
Initial log-likelihood: -27768.347
Current log-likelihood at step 1: -27768.324
Parameters optimization took 0 rounds (0.236 sec)

BETTER TREE FOUND at iteration 22: -27768.324
BETTER TREE FOUND at iteration 23: -27768.318
Estimate model parameters (epsilon = 0.100)
Initial log-likelihood: -27767.810
Current log-likelihood at step 1: -27766.445
Current log-likelihood at step 2: -27766.430
Parameters optimization took 1 rounds (0.308 sec)

BETTER TREE FOUND at iteration 25: -27766.430
Iteration 30 / LogL: -27766.466 / Time: 0h:1m:25s (0h:4m:40s left)
Estimate model parameters (epsilon = 0.100)
Initial log-likelihood: -27766.398
Current log-likelihood at step 1: -27766.383
Parameters optimization took 0 rounds (0.112 sec)

BETTER TREE FOUND at iteration 36: -27766.383
Iteration 40 / LogL: -27766.714 / Time: 0h:1m:39s (0h:4m:4s left)
BETTER TREE FOUND at iteration 47: -27766.381
Iteration 50 / LogL: -27784.912 / Time: 0h:1m:53s (0h:3m:43s left)
Iteration 60 / LogL: -27766.395 / Time: 0h:2m:6s (0h:3m:6s left)
Estimate model parameters (epsilon = 0.100)
Initial log-likelihood: -27766.371
Current log-likelihood at step 1: -27766.356
Parameters optimization took 0 rounds (0.130 sec)

BETTER TREE FOUND at iteration 61: -27766.356
Estimate model parameters (epsilon = 0.100)
Initial log-likelihood: -27766.325
Current log-likelihood at step 1: -27766.311
Parameters optimization took 0 rounds (0.125 sec)

BETTER TREE FOUND at iteration 68: -27766.311
Iteration 70 / LogL: -27766.318 / Time: 0h:2m:27s (0h:3m:28s left)
Estimate model parameters (epsilon = 0.100)
Initial log-likelihood: -27766.290
Current log-likelihood at step 1: -27766.276
Parameters optimization took 0 rounds (0.161 sec)

BETTER TREE FOUND at iteration 71: -27766.276
Iteration 80 / LogL: -27766.292 / Time: 0h:2m:52s (0h:3m:18s left)
BETTER TREE FOUND at iteration 85: -27766.271
Estimate model parameters (epsilon = 0.100)
Initial log-likelihood: -27766.242
Current log-likelihood at step 1: -27766.228
Parameters optimization took 0 rounds (0.118 sec)

BETTER TREE FOUND at iteration 89: -27766.228
Iteration 90 / LogL: -27766.246 / Time: 0h:3m:12s (0h:3m:33s left)
Iteration 100 / LogL: -27766.252 / Time: 0h:3m:34s (0h:3m:12s left)
BETTER TREE FOUND at iteration 101: -27766.219
Estimate model parameters (epsilon = 0.100)
Initial log-likelihood: -27766.204
Current log-likelihood at step 1: -27766.189
Parameters optimization took 0 rounds (0.190 sec)

BETTER TREE FOUND at iteration 110: -27766.189
Iteration 110 / LogL: -27766.189 / Time: 0h:3m:51s (0h:3m:31s left)
BETTER TREE FOUND at iteration 114: -27766.186
Estimate model parameters (epsilon = 0.100)
Initial log-likelihood: -27766.151
Current log-likelihood at step 1: -27766.136
Parameters optimization took 0 rounds (0.153 sec)

BETTER TREE FOUND at iteration 116: -27766.136
Iteration 120 / LogL: -27766.163 / Time: 0h:4m:9s (0h:3m:20s left)
BETTER TREE FOUND at iteration 122: -27766.130
Iteration 130 / LogL: -27766.133 / Time: 0h:4m:24s (0h:3m:8s left)
Estimate model parameters (epsilon = 0.100)
Initial log-likelihood: -27766.115
Current log-likelihood at step 1: -27766.101
Parameters optimization took 0 rounds (0.111 sec)

BETTER TREE FOUND at iteration 134: -27766.101
Iteration 140 / LogL: -27795.241 / Time: 0h:4m:38s (0h:3m:8s left)
Iteration 150 / LogL: -27804.949 / Time: 0h:4m:54s (0h:2m:46s left)
Iteration 160 / LogL: -27787.050 / Time: 0h:5m:8s (0h:2m:23s left)
BETTER TREE FOUND at iteration 166: -27766.096
Iteration 170 / LogL: -27766.114 / Time: 0h:5m:22s (0h:3m:2s left)
Estimate model parameters (epsilon = 0.100)
Initial log-likelihood: -27766.078
Current log-likelihood at step 1: -27766.064
Parameters optimization took 0 rounds (0.192 sec)

BETTER TREE FOUND at iteration 174: -27766.064
Iteration 180 / LogL: -27766.069 / Time: 0h:5m:36s (0h:2m:56s left)
Iteration 190 / LogL: -27766.093 / Time: 0h:5m:51s (0h:2m:36s left)
BETTER TREE FOUND at iteration 198: -27766.056
Iteration 200 / LogL: -27787.067 / Time: 0h:6m:5s (0h:3m:0s left)
Iteration 210 / LogL: -27783.225 / Time: 0h:6m:19s (0h:2m:39s left)
BETTER TREE FOUND at iteration 217: -27766.056
Iteration 220 / LogL: -27785.512 / Time: 0h:6m:32s (0h:2m:53s left)
BETTER TREE FOUND at iteration 221: -27766.051
BETTER TREE FOUND at iteration 223: -27766.046
Estimate model parameters (epsilon = 0.100)
Initial log-likelihood: -27766.025
Current log-likelihood at step 1: -27766.011
Parameters optimization took 0 rounds (0.117 sec)

BETTER TREE FOUND at iteration 226: -27766.011
Iteration 230 / LogL: -27777.099 / Time: 0h:6m:47s (0h:2m:50s left)
BETTER TREE FOUND at iteration 231: -27766.004
BETTER TREE FOUND at iteration 232: -27766.004
Iteration 240 / LogL: -27775.198 / Time: 0h:7m:0s (0h:2m:41s left)
Iteration 250 / LogL: -27766.056 / Time: 0h:7m:13s (0h:2m:22s left)
Iteration 260 / LogL: -27766.024 / Time: 0h:7m:27s (0h:2m:4s left)
BETTER TREE FOUND at iteration 268: -27765.999
Iteration 270 / LogL: -27785.546 / Time: 0h:7m:40s (0h:2m:47s left)
BETTER TREE FOUND at iteration 278: -27765.997
Iteration 280 / LogL: -27766.034 / Time: 0h:7m:53s (0h:2m:46s left)
BETTER TREE FOUND at iteration 285: -27765.996
Iteration 290 / LogL: -27775.340 / Time: 0h:8m:6s (0h:2m:39s left)
BETTER TREE FOUND at iteration 293: -27765.993
BETTER TREE FOUND at iteration 300: -27765.990
Iteration 300 / LogL: -27765.990 / Time: 0h:8m:19s (0h:2m:46s left)
BETTER TREE FOUND at iteration 301: -27765.985
Iteration 310 / LogL: -27765.992 / Time: 0h:8m:32s (0h:2m:30s left)
Iteration 320 / LogL: -27765.991 / Time: 0h:8m:45s (0h:2m:13s left)
Iteration 330 / LogL: -27765.999 / Time: 0h:8m:57s (0h:1m:55s left)
BETTER TREE FOUND at iteration 333: -27765.977
Estimate model parameters (epsilon = 0.100)
Initial log-likelihood: -27765.950
Current log-likelihood at step 1: -27765.935
Parameters optimization took 0 rounds (0.143 sec)

BETTER TREE FOUND at iteration 334: -27765.935
Iteration 340 / LogL: -27773.365 / Time: 0h:9m:12s (0h:2m:33s left)
Iteration 350 / LogL: -27780.831 / Time: 0h:9m:24s (0h:2m:15s left)
Iteration 360 / LogL: -27765.968 / Time: 0h:9m:36s (0h:1m:58s left)
Iteration 370 / LogL: -27773.338 / Time: 0h:9m:48s (0h:1m:41s left)
Iteration 380 / LogL: -27765.957 / Time: 0h:9m:59s (0h:1m:25s left)
Estimate model parameters (epsilon = 0.100)
Initial log-likelihood: -27765.913
Current log-likelihood at step 1: -27765.898
Parameters optimization took 0 rounds (0.167 sec)

BETTER TREE FOUND at iteration 383: -27765.898
Iteration 390 / LogL: -27765.930 / Time: 0h:10m:13s (0h:2m:26s left)
Estimate model parameters (epsilon = 0.100)
Initial log-likelihood: -27765.887
Current log-likelihood at step 1: -27765.872
Parameters optimization took 0 rounds (0.177 sec)

BETTER TREE FOUND at iteration 398: -27765.872
Iteration 400 / LogL: -27783.970 / Time: 0h:10m:30s (0h:2m:34s left)
BETTER TREE FOUND at iteration 408: -27765.872
Iteration 410 / LogL: -27783.957 / Time: 0h:10m:46s (0h:2m:34s left)
Estimate model parameters (epsilon = 0.100)
Initial log-likelihood: -27765.843
Current log-likelihood at step 1: -27765.828
Parameters optimization took 0 rounds (0.119 sec)

BETTER TREE FOUND at iteration 419: -27765.828
Iteration 420 / LogL: -27765.909 / Time: 0h:11m:3s (0h:2m:36s left)
Iteration 430 / LogL: -27765.856 / Time: 0h:11m:19s (0h:2m:20s left)
Iteration 440 / LogL: -27784.390 / Time: 0h:11m:33s (0h:2m:4s left)
Iteration 450 / LogL: -27774.849 / Time: 0h:11m:46s (0h:1m:48s left)
Iteration 460 / LogL: -27765.869 / Time: 0h:12m:0s (0h:1m:32s left)
BETTER TREE FOUND at iteration 466: -27765.823
Iteration 470 / LogL: -27765.832 / Time: 0h:12m:14s (0h:2m:30s left)
Iteration 480 / LogL: -27765.862 / Time: 0h:12m:32s (0h:2m:15s left)
Iteration 490 / LogL: -27765.851 / Time: 0h:12m:47s (0h:1m:59s left)
Iteration 500 / LogL: -27780.274 / Time: 0h:12m:59s (0h:1m:43s left)
Iteration 510 / LogL: -27765.867 / Time: 0h:13m:22s (0h:1m:28s left)
Estimate model parameters (epsilon = 0.100)
Initial log-likelihood: -27765.796
Current log-likelihood at step 1: -27765.782
Parameters optimization took 0 rounds (0.165 sec)

BETTER TREE FOUND at iteration 511: -27765.782
Estimate model parameters (epsilon = 0.100)
Initial log-likelihood: -27765.767
Current log-likelihood at step 1: -27765.753
Parameters optimization took 0 rounds (0.330 sec)

BETTER TREE FOUND at iteration 515: -27765.753
Iteration 520 / LogL: -27765.786 / Time: 0h:13m:45s (0h:2m:31s left)
Iteration 530 / LogL: -27780.211 / Time: 0h:14m:4s (0h:2m:15s left)
Iteration 540 / LogL: -27776.393 / Time: 0h:14m:19s (0h:1m:59s left)
Iteration 550 / LogL: -27783.261 / Time: 0h:14m:38s (0h:1m:44s left)
Iteration 560 / LogL: -27795.016 / Time: 0h:14m:56s (0h:1m:28s left)
Iteration 570 / LogL: -27786.617 / Time: 0h:15m:11s (0h:1m:12s left)
Iteration 580 / LogL: -27765.763 / Time: 0h:15m:30s (0h:0m:56s left)
BETTER TREE FOUND at iteration 589: -27765.748
Iteration 590 / LogL: -27774.733 / Time: 0h:15m:46s (0h:2m:39s left)
Iteration 600 / LogL: -27766.213 / Time: 0h:16m:7s (0h:2m:23s left)
Iteration 610 / LogL: -27765.791 / Time: 0h:16m:25s (0h:2m:7s left)
Iteration 620 / LogL: -27765.819 / Time: 0h:16m:41s (0h:1m:51s left)
Iteration 630 / LogL: -27765.772 / Time: 0h:16m:55s (0h:1m:35s left)
Estimate model parameters (epsilon = 0.100)
Initial log-likelihood: -27765.732
Current log-likelihood at step 1: -27765.718
Parameters optimization took 0 rounds (0.126 sec)

BETTER TREE FOUND at iteration 635: -27765.718
Iteration 640 / LogL: -27766.175 / Time: 0h:17m:12s (0h:2m:33s left)
Iteration 650 / LogL: -27765.767 / Time: 0h:17m:27s (0h:2m:17s left)
Iteration 660 / LogL: -27788.350 / Time: 0h:17m:44s (0h:2m:1s left)
Iteration 670 / LogL: -27766.248 / Time: 0h:18m:4s (0h:1m:45s left)
Iteration 680 / LogL: -27780.519 / Time: 0h:18m:22s (0h:1m:29s left)
Iteration 690 / LogL: -27821.435 / Time: 0h:18m:39s (0h:1m:13s left)
Iteration 700 / LogL: -27765.758 / Time: 0h:18m:54s (0h:0m:56s left)
BETTER TREE FOUND at iteration 702: -27765.712
Iteration 710 / LogL: -27765.772 / Time: 0h:19m:11s (0h:2m:29s left)
BETTER TREE FOUND at iteration 719: -27765.710
Iteration 720 / LogL: -27775.583 / Time: 0h:19m:27s (0h:2m:40s left)
Estimate model parameters (epsilon = 0.100)
Initial log-likelihood: -27765.693
Current log-likelihood at step 1: -27765.678
Parameters optimization took 0 rounds (0.202 sec)

BETTER TREE FOUND at iteration 725: -27765.678
Iteration 730 / LogL: -27806.582 / Time: 0h:19m:45s (0h:2m:34s left)
BETTER TREE FOUND at iteration 737: -27765.671
Iteration 740 / LogL: -27765.695 / Time: 0h:20m:2s (0h:2m:37s left)
Iteration 750 / LogL: -27765.678 / Time: 0h:20m:19s (0h:2m:21s left)
Iteration 760 / LogL: -27786.640 / Time: 0h:20m:36s (0h:2m:5s left)
Iteration 770 / LogL: -27796.232 / Time: 0h:20m:52s (0h:1m:49s left)
Iteration 780 / LogL: -27766.127 / Time: 0h:21m:10s (0h:1m:32s left)
Estimate model parameters (epsilon = 0.100)
Initial log-likelihood: -27765.659
Current log-likelihood at step 1: -27765.644
Parameters optimization took 0 rounds (0.290 sec)

BETTER TREE FOUND at iteration 785: -27765.644
Iteration 790 / LogL: -27765.655 / Time: 0h:21m:36s (0h:2m:36s left)
Iteration 800 / LogL: -27765.681 / Time: 0h:21m:59s (0h:2m:20s left)
Iteration 810 / LogL: -27765.658 / Time: 0h:22m:15s (0h:2m:3s left)
Iteration 820 / LogL: -27765.650 / Time: 0h:22m:33s (0h:1m:47s left)
Iteration 830 / LogL: -27788.948 / Time: 0h:22m:52s (0h:1m:31s left)
Iteration 840 / LogL: -27774.679 / Time: 0h:23m:11s (0h:1m:14s left)
Iteration 850 / LogL: -27765.727 / Time: 0h:23m:30s (0h:0m:58s left)
Iteration 860 / LogL: -27765.708 / Time: 0h:23m:45s (0h:0m:41s left)
Iteration 870 / LogL: -27765.678 / Time: 0h:23m:59s (0h:0m:24s left)
Iteration 880 / LogL: -27765.666 / Time: 0h:24m:12s (0h:0m:8s left)
TREE SEARCH COMPLETED AFTER 886 ITERATIONS / Time: 0h:24m:20s

--------------------------------------------------------------------
|                    FINALIZING TREE SEARCH                        |
--------------------------------------------------------------------
Performs final model parameters optimization
Estimate model parameters (epsilon = 0.010)
Initial log-likelihood: -27765.644
Current log-likelihood at step 1: -27765.630
Current log-likelihood at step 2: -27765.615
Current log-likelihood at step 3: -27765.600
Current log-likelihood at step 4: -27765.585
Current log-likelihood at step 5: -27765.571
Current log-likelihood at step 6: -27765.556
Current log-likelihood at step 7: -27765.541
Current log-likelihood at step 8: -27765.526
Current log-likelihood at step 9: -27765.511
Current log-likelihood at step 10: -27765.496
Current log-likelihood at step 11: -27765.482
Current log-likelihood at step 12: -27765.467
Current log-likelihood at step 13: -27765.452
Current log-likelihood at step 14: -27765.437
Current log-likelihood at step 15: -27765.422
Current log-likelihood at step 16: -27765.407
Current log-likelihood at step 17: -27765.392
Current log-likelihood at step 18: -27765.377
Current log-likelihood at step 19: -27765.361
Current log-likelihood at step 20: -27765.346
Current log-likelihood at step 21: -27765.331
Current log-likelihood at step 22: -27765.316
Current log-likelihood at step 23: -27765.301
Current log-likelihood at step 24: -27765.286
Current log-likelihood at step 25: -27765.271
Current log-likelihood at step 26: -27765.255
Current log-likelihood at step 27: -27765.240
Current log-likelihood at step 28: -27765.225
Current log-likelihood at step 29: -27765.210
Current log-likelihood at step 30: -27765.194
Current log-likelihood at step 31: -27765.179
Current log-likelihood at step 32: -27765.164
Current log-likelihood at step 33: -27765.148
Current log-likelihood at step 34: -27765.133
Current log-likelihood at step 35: -27765.118
Current log-likelihood at step 36: -27765.102
Current log-likelihood at step 37: -27765.087
Current log-likelihood at step 38: -27765.071
Current log-likelihood at step 39: -27765.056
Current log-likelihood at step 40: -27765.041
Current log-likelihood at step 41: -27765.025
Current log-likelihood at step 42: -27765.010
Current log-likelihood at step 43: -27764.994
Current log-likelihood at step 44: -27764.978
Current log-likelihood at step 45: -27764.963
Current log-likelihood at step 46: -27764.947
Current log-likelihood at step 47: -27764.932
Current log-likelihood at step 48: -27764.916
Current log-likelihood at step 49: -27764.901
Current log-likelihood at step 50: -27764.885
Current log-likelihood at step 51: -27764.869
Current log-likelihood at step 52: -27764.854
Current log-likelihood at step 53: -27764.838
Current log-likelihood at step 54: -27764.822
Current log-likelihood at step 55: -27764.807
Current log-likelihood at step 56: -27764.791
Current log-likelihood at step 57: -27764.775
Current log-likelihood at step 58: -27764.760
Current log-likelihood at step 59: -27764.744
Current log-likelihood at step 60: -27764.728
Current log-likelihood at step 61: -27764.712
Current log-likelihood at step 62: -27764.697
Current log-likelihood at step 63: -27764.681
Current log-likelihood at step 64: -27764.665
Current log-likelihood at step 65: -27764.649
Current log-likelihood at step 66: -27764.634
Current log-likelihood at step 67: -27764.618
Current log-likelihood at step 68: -27764.602
Current log-likelihood at step 69: -27764.586
Current log-likelihood at step 70: -27764.570
Current log-likelihood at step 71: -27764.555
Current log-likelihood at step 72: -27764.539
Current log-likelihood at step 73: -27764.523
Current log-likelihood at step 74: -27764.507
Current log-likelihood at step 75: -27764.491
Current log-likelihood at step 76: -27764.476
Current log-likelihood at step 77: -27764.460
Current log-likelihood at step 78: -27762.722
Current log-likelihood at step 79: -27762.722
Parameters optimization took 78 rounds (12.218 sec)

BEST SCORE FOUND : -27762.722
Total tree length: 0.011

Total number of iterations: 886
CPU time used for tree search: 1368.263 sec (0h:22m:48s)
Wall-clock time used for tree search: 1450.183 sec (0h:24m:10s)
Total CPU time used: 1391.459 sec (0h:23m:11s)
Total wall-clock time used: 1473.098 sec (0h:24m:33s)

Analysis results written to: 
  IQ-TREE report:                ../IQTree/partitions.nex.iqtree
  Maximum-likelihood tree:       ../IQTree/partitions.nex.treefile
  Likelihood distances:          ../IQTree/partitions.nex.mldist
  Screen log file:               ../IQTree/partitions.nex.log

Date and Time: Sun Jun  9 14:56:09 2019
